<?xml version="1.0" encoding="UTF-8"?>
<coverage generated="1498482954840" clover="3.2.0">
  <project timestamp="1498482954841" name="All files">
    <metrics statements="239" coveredstatements="160" conditionals="71" coveredconditionals="36" methods="113" coveredmethods="49" elements="423" coveredelements="245" complexity="0" loc="239" ncloc="239" packages="12" files="30" classes="30">
      <package name="src.app">
        <metrics statements="1" coveredstatements="1" conditionals="0" coveredconditionals="0" methods="1" coveredmethods="1"/>
        <file name="index.js" path="/home/pn/html-practice/bpwjs/client/src/app/index.js">
          <metrics statements="1" coveredstatements="1" conditionals="0" coveredconditionals="0" methods="1" coveredmethods="1"/>
          <line num="7" count="1" type="stmt"/>
        </file>
      </package>
      <package name="src.components.footer">
        <metrics statements="2" coveredstatements="2" conditionals="0" coveredconditionals="0" methods="1" coveredmethods="1"/>
        <file name="index.js" path="/home/pn/html-practice/bpwjs/client/src/components/footer/index.js">
          <metrics statements="2" coveredstatements="2" conditionals="0" coveredconditionals="0" methods="1" coveredmethods="1"/>
          <line num="6" count="2" type="stmt"/>
          <line num="15" count="1" type="stmt"/>
        </file>
      </package>
      <package name="src.components.navbar">
        <metrics statements="2" coveredstatements="2" conditionals="4" coveredconditionals="4" methods="2" coveredmethods="2"/>
        <file name="index.js" path="/home/pn/html-practice/bpwjs/client/src/components/navbar/index.js">
          <metrics statements="2" coveredstatements="2" conditionals="4" coveredconditionals="4" methods="2" coveredmethods="2"/>
          <line num="5" count="8" type="cond" truecount="2" falsecount="0"/>
          <line num="12" count="3" type="stmt"/>
        </file>
      </package>
      <package name="src.components.notifications">
        <metrics statements="11" coveredstatements="8" conditionals="0" coveredconditionals="0" methods="7" coveredmethods="4"/>
        <file name="index.js" path="/home/pn/html-practice/bpwjs/client/src/components/notifications/index.js">
          <metrics statements="0" coveredstatements="0" conditionals="0" coveredconditionals="0" methods="0" coveredmethods="0"/>
        </file>
        <file name="notification.js" path="/home/pn/html-practice/bpwjs/client/src/components/notifications/notification.js">
          <metrics statements="6" coveredstatements="5" conditionals="0" coveredconditionals="0" methods="4" coveredmethods="3"/>
          <line num="6" count="4" type="stmt"/>
          <line num="7" count="0" type="stmt"/>
          <line num="10" count="4" type="stmt"/>
          <line num="11" count="2" type="stmt"/>
          <line num="16" count="1" type="stmt"/>
          <line num="24" count="4" type="stmt"/>
        </file>
        <file name="notifications.js" path="/home/pn/html-practice/bpwjs/client/src/components/notifications/notifications.js">
          <metrics statements="5" coveredstatements="3" conditionals="0" coveredconditionals="0" methods="3" coveredmethods="1"/>
          <line num="8" count="3" type="stmt"/>
          <line num="12" count="3" type="stmt"/>
          <line num="13" count="0" type="stmt"/>
          <line num="20" count="0" type="stmt"/>
          <line num="27" count="3" type="stmt"/>
        </file>
      </package>
      <package name="src.components.question">
        <metrics statements="35" coveredstatements="32" conditionals="8" coveredconditionals="7" methods="18" coveredmethods="15"/>
        <file name="index.js" path="/home/pn/html-practice/bpwjs/client/src/components/question/index.js">
          <metrics statements="35" coveredstatements="32" conditionals="8" coveredconditionals="7" methods="18" coveredmethods="15"/>
          <line num="8" count="1" type="stmt"/>
          <line num="11" count="1" type="stmt"/>
          <line num="12" count="0" type="stmt"/>
          <line num="13" count="0" type="stmt"/>
          <line num="18" count="2" type="stmt"/>
          <line num="20" count="2" type="stmt"/>
          <line num="22" count="2" type="stmt"/>
          <line num="23" count="2" type="stmt"/>
          <line num="27" count="1" type="stmt"/>
          <line num="28" count="1" type="stmt"/>
          <line num="32" count="1" type="stmt"/>
          <line num="33" count="1" type="stmt"/>
          <line num="37" count="1" type="stmt"/>
          <line num="38" count="1" type="stmt"/>
          <line num="39" count="1" type="stmt"/>
          <line num="43" count="1" type="stmt"/>
          <line num="44" count="1" type="stmt"/>
          <line num="45" count="1" type="stmt"/>
          <line num="46" count="1" type="stmt"/>
          <line num="47" count="1" type="stmt"/>
          <line num="48" count="1" type="stmt"/>
          <line num="52" count="1" type="stmt"/>
          <line num="53" count="1" type="stmt"/>
          <line num="54" count="1" type="stmt"/>
          <line num="58" count="4" type="stmt"/>
          <line num="59" count="4" type="stmt"/>
          <line num="61" count="4" type="stmt"/>
          <line num="69" count="1" type="stmt"/>
          <line num="75" count="1" type="stmt"/>
          <line num="87" count="2" type="stmt"/>
          <line num="93" count="1" type="stmt"/>
          <line num="100" count="0" type="stmt"/>
          <line num="117" count="4" type="stmt"/>
          <line num="130" count="5" type="stmt"/>
          <line num="137" count="1" type="stmt"/>
        </file>
      </package>
      <package name="src.components.user">
        <metrics statements="8" coveredstatements="7" conditionals="6" coveredconditionals="4" methods="6" coveredmethods="5"/>
        <file name="index.js" path="/home/pn/html-practice/bpwjs/client/src/components/user/index.js">
          <metrics statements="8" coveredstatements="7" conditionals="6" coveredconditionals="4" methods="6" coveredmethods="5"/>
          <line num="7" count="1" type="stmt"/>
          <line num="8" count="1" type="stmt"/>
          <line num="9" count="0" type="stmt"/>
          <line num="12" count="1" type="stmt"/>
          <line num="15" count="2" type="stmt"/>
          <line num="16" count="1" type="stmt"/>
          <line num="22" count="2" type="cond" truecount="1" falsecount="1"/>
          <line num="28" count="1" type="stmt"/>
        </file>
      </package>
      <package name="src.store">
        <metrics statements="36" coveredstatements="36" conditionals="2" coveredconditionals="2" methods="0" coveredmethods="0"/>
        <file name="actionTypes.js" path="/home/pn/html-practice/bpwjs/client/src/store/actionTypes.js">
          <metrics statements="31" coveredstatements="31" conditionals="0" coveredconditionals="0" methods="0" coveredmethods="0"/>
          <line num="2" count="7" type="stmt"/>
          <line num="3" count="7" type="stmt"/>
          <line num="5" count="7" type="stmt"/>
          <line num="6" count="7" type="stmt"/>
          <line num="7" count="7" type="stmt"/>
          <line num="8" count="7" type="stmt"/>
          <line num="9" count="7" type="stmt"/>
          <line num="10" count="7" type="stmt"/>
          <line num="12" count="7" type="stmt"/>
          <line num="13" count="7" type="stmt"/>
          <line num="15" count="7" type="stmt"/>
          <line num="16" count="7" type="stmt"/>
          <line num="17" count="7" type="stmt"/>
          <line num="18" count="7" type="stmt"/>
          <line num="19" count="7" type="stmt"/>
          <line num="20" count="7" type="stmt"/>
          <line num="21" count="7" type="stmt"/>
          <line num="22" count="7" type="stmt"/>
          <line num="23" count="7" type="stmt"/>
          <line num="24" count="7" type="stmt"/>
          <line num="25" count="7" type="stmt"/>
          <line num="26" count="7" type="stmt"/>
          <line num="27" count="7" type="stmt"/>
          <line num="28" count="7" type="stmt"/>
          <line num="29" count="7" type="stmt"/>
          <line num="31" count="7" type="stmt"/>
          <line num="32" count="7" type="stmt"/>
          <line num="33" count="7" type="stmt"/>
          <line num="34" count="7" type="stmt"/>
          <line num="35" count="7" type="stmt"/>
          <line num="36" count="7" type="stmt"/>
        </file>
        <file name="index.js" path="/home/pn/html-practice/bpwjs/client/src/store/index.js">
          <metrics statements="5" coveredstatements="5" conditionals="2" coveredconditionals="2" methods="0" coveredmethods="0"/>
          <line num="12" count="1" type="stmt"/>
          <line num="15" count="1" type="cond" truecount="2" falsecount="0"/>
          <line num="16" count="1" type="stmt"/>
          <line num="17" count="1" type="stmt"/>
          <line num="23" count="1" type="stmt"/>
        </file>
        <file name="rootEpic.js" path="/home/pn/html-practice/bpwjs/client/src/store/rootEpic.js">
          <metrics statements="0" coveredstatements="0" conditionals="0" coveredconditionals="0" methods="0" coveredmethods="0"/>
        </file>
        <file name="rootReducer.js" path="/home/pn/html-practice/bpwjs/client/src/store/rootReducer.js">
          <metrics statements="0" coveredstatements="0" conditionals="0" coveredconditionals="0" methods="0" coveredmethods="0"/>
        </file>
      </package>
      <package name="src.store.actions">
        <metrics statements="13" coveredstatements="13" conditionals="0" coveredconditionals="0" methods="12" coveredmethods="0"/>
        <file name="index.js" path="/home/pn/html-practice/bpwjs/client/src/store/actions/index.js">
          <metrics statements="13" coveredstatements="13" conditionals="0" coveredconditionals="0" methods="12" coveredmethods="0"/>
          <line num="3" count="7" type="stmt"/>
          <line num="5" count="7" type="stmt"/>
          <line num="9" count="7" type="stmt"/>
          <line num="14" count="7" type="stmt"/>
          <line num="24" count="7" type="stmt"/>
          <line num="38" count="7" type="stmt"/>
          <line num="43" count="7" type="stmt"/>
          <line num="47" count="7" type="stmt"/>
          <line num="52" count="7" type="stmt"/>
          <line num="57" count="7" type="stmt"/>
          <line num="62" count="7" type="stmt"/>
          <line num="68" count="7" type="stmt"/>
          <line num="73" count="7" type="stmt"/>
        </file>
      </package>
      <package name="src.store.epics">
        <metrics statements="51" coveredstatements="11" conditionals="0" coveredconditionals="0" methods="51" coveredmethods="11"/>
        <file name="auth.js" path="/home/pn/html-practice/bpwjs/client/src/store/epics/auth.js">
          <metrics statements="10" coveredstatements="2" conditionals="0" coveredconditionals="0" methods="10" coveredmethods="2"/>
          <line num="23" count="1" type="stmt"/>
          <line num="25" count="0" type="stmt"/>
          <line num="27" count="0" type="stmt"/>
          <line num="28" count="0" type="stmt"/>
          <line num="36" count="0" type="stmt"/>
          <line num="48" count="1" type="stmt"/>
          <line num="50" count="0" type="stmt"/>
          <line num="52" count="0" type="stmt"/>
          <line num="53" count="0" type="stmt"/>
          <line num="62" count="0" type="stmt"/>
        </file>
        <file name="helloworld.js" path="/home/pn/html-practice/bpwjs/client/src/store/epics/helloworld.js">
          <metrics statements="3" coveredstatements="1" conditionals="0" coveredconditionals="0" methods="3" coveredmethods="1"/>
          <line num="4" count="1" type="stmt"/>
          <line num="6" count="0" type="stmt"/>
          <line num="8" count="0" type="stmt"/>
        </file>
        <file name="index.js" path="/home/pn/html-practice/bpwjs/client/src/store/epics/index.js">
          <metrics statements="0" coveredstatements="0" conditionals="0" coveredconditionals="0" methods="0" coveredmethods="0"/>
        </file>
        <file name="notifications.js" path="/home/pn/html-practice/bpwjs/client/src/store/epics/notifications.js">
          <metrics statements="3" coveredstatements="1" conditionals="0" coveredconditionals="0" methods="3" coveredmethods="1"/>
          <line num="5" count="1" type="stmt"/>
          <line num="8" count="0" type="stmt"/>
          <line num="12" count="0" type="stmt"/>
        </file>
        <file name="questions.js" path="/home/pn/html-practice/bpwjs/client/src/store/epics/questions.js">
          <metrics statements="25" coveredstatements="5" conditionals="0" coveredconditionals="0" methods="25" coveredmethods="5"/>
          <line num="5" count="1" type="stmt"/>
          <line num="8" count="0" type="stmt"/>
          <line num="10" count="0" type="stmt"/>
          <line num="11" count="0" type="stmt"/>
          <line num="15" count="0" type="stmt"/>
          <line num="21" count="1" type="stmt"/>
          <line num="24" count="0" type="stmt"/>
          <line num="30" count="0" type="stmt"/>
          <line num="31" count="0" type="stmt"/>
          <line num="35" count="0" type="stmt"/>
          <line num="41" count="1" type="stmt"/>
          <line num="44" count="0" type="stmt"/>
          <line num="46" count="0" type="stmt"/>
          <line num="47" count="0" type="stmt"/>
          <line num="51" count="0" type="stmt"/>
          <line num="57" count="1" type="stmt"/>
          <line num="60" count="0" type="stmt"/>
          <line num="62" count="0" type="stmt"/>
          <line num="63" count="0" type="stmt"/>
          <line num="67" count="0" type="stmt"/>
          <line num="73" count="1" type="stmt"/>
          <line num="76" count="0" type="stmt"/>
          <line num="82" count="0" type="stmt"/>
          <line num="83" count="0" type="stmt"/>
          <line num="87" count="0" type="stmt"/>
        </file>
        <file name="users.js" path="/home/pn/html-practice/bpwjs/client/src/store/epics/users.js">
          <metrics statements="10" coveredstatements="2" conditionals="0" coveredconditionals="0" methods="10" coveredmethods="2"/>
          <line num="5" count="1" type="stmt"/>
          <line num="8" count="0" type="stmt"/>
          <line num="10" count="0" type="stmt"/>
          <line num="11" count="0" type="stmt"/>
          <line num="15" count="0" type="stmt"/>
          <line num="21" count="1" type="stmt"/>
          <line num="24" count="0" type="stmt"/>
          <line num="28" count="0" type="stmt"/>
          <line num="29" count="0" type="stmt"/>
          <line num="33" count="0" type="stmt"/>
        </file>
      </package>
      <package name="src.store.reducers">
        <metrics statements="52" coveredstatements="23" conditionals="39" coveredconditionals="10" methods="9" coveredmethods="5"/>
        <file name="auth.js" path="/home/pn/html-practice/bpwjs/client/src/store/reducers/auth.js">
          <metrics statements="12" coveredstatements="7" conditionals="6" coveredconditionals="2" methods="1" coveredmethods="1"/>
          <line num="4" count="1" type="stmt"/>
          <line num="7" count="1" type="stmt"/>
          <line num="8" count="1" type="stmt"/>
          <line num="13" count="1" type="stmt"/>
          <line num="18" count="1" type="cond" truecount="1" falsecount="0"/>
          <line num="19" count="3" type="cond" truecount="1" falsecount="4"/>
          <line num="21" count="0" type="stmt"/>
          <line num="25" count="0" type="stmt"/>
          <line num="26" count="0" type="stmt"/>
          <line num="27" count="0" type="stmt"/>
          <line num="33" count="0" type="stmt"/>
          <line num="35" count="3" type="stmt"/>
        </file>
        <file name="helloworld.js" path="/home/pn/html-practice/bpwjs/client/src/store/reducers/helloworld.js">
          <metrics statements="6" coveredstatements="4" conditionals="4" coveredconditionals="2" methods="1" coveredmethods="1"/>
          <line num="3" count="1" type="stmt"/>
          <line num="5" count="1" type="cond" truecount="1" falsecount="0"/>
          <line num="6" count="3" type="cond" truecount="1" falsecount="2"/>
          <line num="8" count="0" type="stmt"/>
          <line num="12" count="0" type="stmt"/>
          <line num="16" count="3" type="stmt"/>
        </file>
        <file name="index.js" path="/home/pn/html-practice/bpwjs/client/src/store/reducers/index.js">
          <metrics statements="0" coveredstatements="0" conditionals="0" coveredconditionals="0" methods="0" coveredmethods="0"/>
        </file>
        <file name="notifications.js" path="/home/pn/html-practice/bpwjs/client/src/store/reducers/notifications.js">
          <metrics statements="7" coveredstatements="4" conditionals="4" coveredconditionals="2" methods="2" coveredmethods="1"/>
          <line num="3" count="1" type="stmt"/>
          <line num="4" count="1" type="cond" truecount="1" falsecount="0"/>
          <line num="5" count="3" type="cond" truecount="1" falsecount="2"/>
          <line num="7" count="0" type="stmt"/>
          <line num="12" count="0" type="stmt"/>
          <line num="13" count="0" type="stmt"/>
          <line num="16" count="3" type="stmt"/>
        </file>
        <file name="questions.js" path="/home/pn/html-practice/bpwjs/client/src/store/reducers/questions.js">
          <metrics statements="20" coveredstatements="4" conditionals="17" coveredconditionals="2" methods="4" coveredmethods="1"/>
          <line num="3" count="1" type="stmt"/>
          <line num="5" count="1" type="cond" truecount="1" falsecount="0"/>
          <line num="6" count="3" type="cond" truecount="1" falsecount="11"/>
          <line num="9" count="0" type="stmt"/>
          <line num="14" count="0" type="stmt"/>
          <line num="20" count="0" type="stmt"/>
          <line num="21" count="0" type="cond" truecount="0" falsecount="2"/>
          <line num="23" count="0" type="stmt"/>
          <line num="26" count="0" type="stmt"/>
          <line num="27" count="0" type="stmt"/>
          <line num="30" count="0" type="stmt"/>
          <line num="31" count="0" type="stmt"/>
          <line num="33" count="0" type="stmt"/>
          <line num="36" count="0" type="stmt"/>
          <line num="37" count="0" type="cond" truecount="0" falsecount="2"/>
          <line num="38" count="0" type="stmt"/>
          <line num="43" count="0" type="stmt"/>
          <line num="45" count="0" type="stmt"/>
          <line num="52" count="0" type="stmt"/>
          <line num="58" count="3" type="stmt"/>
        </file>
        <file name="users.js" path="/home/pn/html-practice/bpwjs/client/src/store/reducers/users.js">
          <metrics statements="7" coveredstatements="4" conditionals="8" coveredconditionals="2" methods="1" coveredmethods="1"/>
          <line num="3" count="1" type="stmt"/>
          <line num="5" count="1" type="cond" truecount="1" falsecount="0"/>
          <line num="6" count="3" type="cond" truecount="1" falsecount="6"/>
          <line num="10" count="0" type="stmt"/>
          <line num="16" count="0" type="stmt"/>
          <line num="22" count="0" type="stmt"/>
          <line num="28" count="3" type="stmt"/>
        </file>
      </package>
      <package name="src.util">
        <metrics statements="14" coveredstatements="14" conditionals="10" coveredconditionals="9" methods="4" coveredmethods="4"/>
        <file name="errorToMessage.js" path="/home/pn/html-practice/bpwjs/client/src/util/errorToMessage.js">
          <metrics statements="10" coveredstatements="10" conditionals="8" coveredconditionals="8" methods="2" coveredmethods="2"/>
          <line num="1" count="2" type="stmt"/>
          <line num="2" count="2" type="cond" truecount="2" falsecount="0"/>
          <line num="3" count="1" type="stmt"/>
          <line num="6" count="1" type="stmt"/>
          <line num="9" count="2" type="stmt"/>
          <line num="10" count="3" type="cond" truecount="4" falsecount="0"/>
          <line num="11" count="1" type="stmt"/>
          <line num="14" count="2" type="cond" truecount="2" falsecount="0"/>
          <line num="15" count="1" type="stmt"/>
          <line num="18" count="1" type="stmt"/>
        </file>
        <file name="index.js" path="/home/pn/html-practice/bpwjs/client/src/util/index.js">
          <metrics statements="0" coveredstatements="0" conditionals="0" coveredconditionals="0" methods="0" coveredmethods="0"/>
        </file>
        <file name="requireAuth.js" path="/home/pn/html-practice/bpwjs/client/src/util/requireAuth.js">
          <metrics statements="3" coveredstatements="3" conditionals="2" coveredconditionals="1" methods="1" coveredmethods="1"/>
          <line num="3" count="1" type="stmt"/>
          <line num="4" count="1" type="cond" truecount="1" falsecount="1"/>
          <line num="5" count="1" type="stmt"/>
        </file>
        <file name="signRequest.js" path="/home/pn/html-practice/bpwjs/client/src/util/signRequest.js">
          <metrics statements="1" coveredstatements="1" conditionals="0" coveredconditionals="0" methods="1" coveredmethods="1"/>
          <line num="1" count="2" type="stmt"/>
        </file>
      </package>
      <package name="test">
        <metrics statements="14" coveredstatements="11" conditionals="2" coveredconditionals="0" methods="2" coveredmethods="1"/>
        <file name="setup.js" path="/home/pn/html-practice/bpwjs/client/test/setup.js">
          <metrics statements="14" coveredstatements="11" conditionals="2" coveredconditionals="0" methods="2" coveredmethods="1"/>
          <line num="8" count="10" type="stmt"/>
          <line num="9" count="10" type="stmt"/>
          <line num="10" count="10" type="stmt"/>
          <line num="12" count="3" type="stmt"/>
          <line num="15" count="1" type="stmt"/>
          <line num="18" count="0" type="stmt"/>
          <line num="22" count="10" type="stmt"/>
          <line num="25" count="10" type="stmt"/>
          <line num="26" count="10" type="stmt"/>
          <line num="27" count="10" type="stmt"/>
          <line num="28" count="10" type="stmt"/>
          <line num="30" count="10" type="stmt"/>
          <line num="31" count="0" type="cond" truecount="0" falsecount="2"/>
          <line num="32" count="0" type="stmt"/>
        </file>
      </package>
    </metrics>
  </project>
</coverage>
