{"/home/pn/html-practice/bpwjs/client/src/app/index.js": {"path":"/home/pn/html-practice/bpwjs/client/src/app/index.js","statementMap":{"0":{"start":{"line":7,"column":2},"end":{"line":10,"column":8}}},"fnMap":{"0":{"name":"(anonymous_0)","decl":{"start":{"line":6,"column":15},"end":{"line":6,"column":16}},"loc":{"start":{"line":7,"column":2},"end":{"line":10,"column":8}},"line":7}},"branchMap":{},"s":{"0":1},"f":{"0":1},"b":{},"_coverageSchema":"332fd63041d2c1bcb487cc26dd0d5f7d97098a6c","hash":"03e869e69322c2bcb213cc7cd29ae4bfd2aa5729"}
,"/home/pn/html-practice/bpwjs/client/src/components/footer/index.js": {"path":"/home/pn/html-practice/bpwjs/client/src/components/footer/index.js","statementMap":{"0":{"start":{"line":6,"column":14},"end":{"line":12,"column":1}},"1":{"start":{"line":15,"column":2},"end":{"line":21,"column":11}}},"fnMap":{"0":{"name":"(anonymous_0)","decl":{"start":{"line":14,"column":15},"end":{"line":14,"column":16}},"loc":{"start":{"line":15,"column":2},"end":{"line":21,"column":11}},"line":15}},"branchMap":{},"s":{"0":2,"1":1},"f":{"0":1},"b":{},"_coverageSchema":"332fd63041d2c1bcb487cc26dd0d5f7d97098a6c","hash":"56f1964d6b94fcd8549c52b4d999565f41e04263"}
,"/home/pn/html-practice/bpwjs/client/src/components/navbar/index.js": {"path":"/home/pn/html-practice/bpwjs/client/src/components/navbar/index.js","statementMap":{"0":{"start":{"line":5,"column":19},"end":{"line":9,"column":1}},"1":{"start":{"line":5,"column":46},"end":{"line":9,"column":1}},"2":{"start":{"line":12,"column":2},"end":{"line":47,"column":8}}},"fnMap":{"0":{"name":"(anonymous_0)","decl":{"start":{"line":5,"column":19},"end":{"line":5,"column":20}},"loc":{"start":{"line":5,"column":46},"end":{"line":9,"column":1}},"line":5},"1":{"name":"(anonymous_1)","decl":{"start":{"line":11,"column":15},"end":{"line":11,"column":16}},"loc":{"start":{"line":12,"column":2},"end":{"line":47,"column":8}},"line":12}},"branchMap":{"0":{"loc":{"start":{"line":5,"column":46},"end":{"line":9,"column":1}},"type":"cond-expr","locations":[{"start":{"line":6,"column":2},"end":{"line":6,"column":23}},{"start":{"line":8,"column":2},"end":{"line":8,"column":32}}],"line":5},"1":{"loc":{"start":{"line":35,"column":7},"end":{"line":45,"column":7}},"type":"binary-expr","locations":[{"start":{"line":35,"column":7},"end":{"line":35,"column":11}},{"start":{"line":36,"column":8},"end":{"line":44,"column":13}}],"line":35}},"s":{"0":1,"1":8,"2":3},"f":{"0":8,"1":3},"b":{"0":[2,6],"1":[3,2]},"_coverageSchema":"332fd63041d2c1bcb487cc26dd0d5f7d97098a6c","hash":"839c3214c05138fd23b992a1b936aae2fe64cf0b"}
,"/home/pn/html-practice/bpwjs/client/src/components/notifications/index.js": {"path":"/home/pn/html-practice/bpwjs/client/src/components/notifications/index.js","statementMap":{},"fnMap":{},"branchMap":{},"s":{},"f":{},"b":{},"_coverageSchema":"332fd63041d2c1bcb487cc26dd0d5f7d97098a6c","hash":"290be70a2ceaf8a5e6fb3654133ac2e12d4a9d90"}
,"/home/pn/html-practice/bpwjs/client/src/components/notifications/notification.js": {"path":"/home/pn/html-practice/bpwjs/client/src/components/notifications/notification.js","statementMap":{"0":{"start":{"line":6,"column":27},"end":{"line":8,"column":2}},"1":{"start":{"line":6,"column":40},"end":{"line":8,"column":1}},"2":{"start":{"line":7,"column":47},"end":{"line":7,"column":97}},"3":{"start":{"line":10,"column":28},"end":{"line":22,"column":1}},"4":{"start":{"line":11,"column":2},"end":{"line":21,"column":8}},"5":{"start":{"line":16,"column":21},"end":{"line":16,"column":63}},"6":{"start":{"line":24,"column":0},"end":{"line":27,"column":2}}},"fnMap":{"0":{"name":"(anonymous_0)","decl":{"start":{"line":6,"column":27},"end":{"line":6,"column":28}},"loc":{"start":{"line":6,"column":40},"end":{"line":8,"column":1}},"line":6},"1":{"name":"(anonymous_1)","decl":{"start":{"line":7,"column":29},"end":{"line":7,"column":30}},"loc":{"start":{"line":7,"column":47},"end":{"line":7,"column":97}},"line":7},"2":{"name":"(anonymous_2)","decl":{"start":{"line":10,"column":28},"end":{"line":10,"column":29}},"loc":{"start":{"line":11,"column":2},"end":{"line":21,"column":8}},"line":11},"3":{"name":"(anonymous_3)","decl":{"start":{"line":16,"column":15},"end":{"line":16,"column":16}},"loc":{"start":{"line":16,"column":21},"end":{"line":16,"column":63}},"line":16}},"branchMap":{},"s":{"0":4,"1":1,"2":0,"3":4,"4":2,"5":1,"6":4},"f":{"0":1,"1":0,"2":2,"3":1},"b":{},"_coverageSchema":"332fd63041d2c1bcb487cc26dd0d5f7d97098a6c","hash":"5fdc89bda3197b30efccf3b2947e4b57fcc77581"}
,"/home/pn/html-practice/bpwjs/client/src/components/notifications/notifications.js": {"path":"/home/pn/html-practice/bpwjs/client/src/components/notifications/notifications.js","statementMap":{"0":{"start":{"line":8,"column":24},"end":{"line":10,"column":2}},"1":{"start":{"line":8,"column":34},"end":{"line":10,"column":1}},"2":{"start":{"line":12,"column":22},"end":{"line":25,"column":1}},"3":{"start":{"line":13,"column":2},"end":{"line":24,"column":8}},"4":{"start":{"line":20,"column":10},"end":{"line":20,"column":76}},"5":{"start":{"line":27,"column":0},"end":{"line":29,"column":2}}},"fnMap":{"0":{"name":"(anonymous_0)","decl":{"start":{"line":8,"column":24},"end":{"line":8,"column":25}},"loc":{"start":{"line":8,"column":34},"end":{"line":10,"column":1}},"line":8},"1":{"name":"(anonymous_1)","decl":{"start":{"line":12,"column":22},"end":{"line":12,"column":23}},"loc":{"start":{"line":13,"column":2},"end":{"line":24,"column":8}},"line":13},"2":{"name":"(anonymous_2)","decl":{"start":{"line":19,"column":26},"end":{"line":19,"column":27}},"loc":{"start":{"line":20,"column":10},"end":{"line":20,"column":76}},"line":20}},"branchMap":{},"s":{"0":3,"1":1,"2":3,"3":0,"4":0,"5":3},"f":{"0":1,"1":0,"2":0},"b":{},"_coverageSchema":"332fd63041d2c1bcb487cc26dd0d5f7d97098a6c","hash":"78a784b9a3b9d3dc96d0944fe47a669bb9efdd04"}
,"/home/pn/html-practice/bpwjs/client/src/components/question/index.js": {"path":"/home/pn/html-practice/bpwjs/client/src/components/question/index.js","statementMap":{"0":{"start":{"line":8,"column":22},"end":{"line":10,"column":2}},"1":{"start":{"line":8,"column":34},"end":{"line":10,"column":1}},"2":{"start":{"line":11,"column":27},"end":{"line":14,"column":2}},"3":{"start":{"line":11,"column":42},"end":{"line":14,"column":1}},"4":{"start":{"line":12,"column":29},"end":{"line":12,"column":62}},"5":{"start":{"line":13,"column":29},"end":{"line":13,"column":62}},"6":{"start":{"line":18,"column":4},"end":{"line":18,"column":12}},"7":{"start":{"line":20,"column":4},"end":{"line":20,"column":34}},"8":{"start":{"line":22,"column":4},"end":{"line":22,"column":28}},"9":{"start":{"line":23,"column":4},"end":{"line":23,"column":30}},"10":{"start":{"line":27,"column":4},"end":{"line":27,"column":23}},"11":{"start":{"line":28,"column":4},"end":{"line":31,"column":7}},"12":{"start":{"line":32,"column":4},"end":{"line":32,"column":32}},"13":{"start":{"line":33,"column":4},"end":{"line":33,"column":17}},"14":{"start":{"line":37,"column":4},"end":{"line":37,"column":23}},"15":{"start":{"line":38,"column":4},"end":{"line":38,"column":51}},"16":{"start":{"line":39,"column":4},"end":{"line":39,"column":17}},"17":{"start":{"line":43,"column":4},"end":{"line":43,"column":23}},"18":{"start":{"line":44,"column":24},"end":{"line":44,"column":73}},"19":{"start":{"line":45,"column":4},"end":{"line":45,"column":48}},"20":{"start":{"line":46,"column":4},"end":{"line":46,"column":43}},"21":{"start":{"line":47,"column":4},"end":{"line":47,"column":50}},"22":{"start":{"line":48,"column":4},"end":{"line":48,"column":17}},"23":{"start":{"line":52,"column":4},"end":{"line":52,"column":23}},"24":{"start":{"line":53,"column":4},"end":{"line":53,"column":50}},"25":{"start":{"line":54,"column":4},"end":{"line":54,"column":17}},"26":{"start":{"line":58,"column":71},"end":{"line":58,"column":81}},"27":{"start":{"line":59,"column":22},"end":{"line":59,"column":32}},"28":{"start":{"line":61,"column":4},"end":{"line":142,"column":6}},"29":{"start":{"line":69,"column":30},"end":{"line":69,"column":63}},"30":{"start":{"line":75,"column":32},"end":{"line":75,"column":50}},"31":{"start":{"line":87,"column":28},"end":{"line":87,"column":51}},"32":{"start":{"line":93,"column":30},"end":{"line":93,"column":63}},"33":{"start":{"line":100,"column":30},"end":{"line":100,"column":48}},"34":{"start":{"line":117,"column":16},"end":{"line":117,"column":76}},"35":{"start":{"line":130,"column":30},"end":{"line":130,"column":51}},"36":{"start":{"line":137,"column":28},"end":{"line":137,"column":53}}},"fnMap":{"0":{"name":"(anonymous_0)","decl":{"start":{"line":8,"column":22},"end":{"line":8,"column":23}},"loc":{"start":{"line":8,"column":34},"end":{"line":10,"column":1}},"line":8},"1":{"name":"(anonymous_1)","decl":{"start":{"line":11,"column":27},"end":{"line":11,"column":28}},"loc":{"start":{"line":11,"column":42},"end":{"line":14,"column":1}},"line":11},"2":{"name":"(anonymous_2)","decl":{"start":{"line":12,"column":18},"end":{"line":12,"column":19}},"loc":{"start":{"line":12,"column":29},"end":{"line":12,"column":62}},"line":12},"3":{"name":"(anonymous_3)","decl":{"start":{"line":13,"column":18},"end":{"line":13,"column":19}},"loc":{"start":{"line":13,"column":29},"end":{"line":13,"column":62}},"line":13},"4":{"name":"(anonymous_4)","decl":{"start":{"line":17,"column":2},"end":{"line":17,"column":3}},"loc":{"start":{"line":17,"column":16},"end":{"line":24,"column":3}},"line":17},"5":{"name":"(anonymous_5)","decl":{"start":{"line":26,"column":2},"end":{"line":26,"column":3}},"loc":{"start":{"line":26,"column":23},"end":{"line":34,"column":3}},"line":26},"6":{"name":"(anonymous_6)","decl":{"start":{"line":36,"column":2},"end":{"line":36,"column":3}},"loc":{"start":{"line":36,"column":31},"end":{"line":40,"column":3}},"line":36},"7":{"name":"(anonymous_7)","decl":{"start":{"line":42,"column":2},"end":{"line":42,"column":3}},"loc":{"start":{"line":42,"column":31},"end":{"line":49,"column":3}},"line":42},"8":{"name":"(anonymous_8)","decl":{"start":{"line":51,"column":2},"end":{"line":51,"column":3}},"loc":{"start":{"line":51,"column":16},"end":{"line":55,"column":3}},"line":51},"9":{"name":"(anonymous_9)","decl":{"start":{"line":57,"column":2},"end":{"line":57,"column":3}},"loc":{"start":{"line":57,"column":11},"end":{"line":143,"column":3}},"line":57},"10":{"name":"(anonymous_10)","decl":{"start":{"line":69,"column":25},"end":{"line":69,"column":26}},"loc":{"start":{"line":69,"column":30},"end":{"line":69,"column":63}},"line":69},"11":{"name":"(anonymous_11)","decl":{"start":{"line":75,"column":27},"end":{"line":75,"column":28}},"loc":{"start":{"line":75,"column":32},"end":{"line":75,"column":50}},"line":75},"12":{"name":"(anonymous_12)","decl":{"start":{"line":87,"column":21},"end":{"line":87,"column":22}},"loc":{"start":{"line":87,"column":26},"end":{"line":87,"column":53}},"line":87},"13":{"name":"(anonymous_13)","decl":{"start":{"line":93,"column":25},"end":{"line":93,"column":26}},"loc":{"start":{"line":93,"column":30},"end":{"line":93,"column":63}},"line":93},"14":{"name":"(anonymous_14)","decl":{"start":{"line":100,"column":25},"end":{"line":100,"column":26}},"loc":{"start":{"line":100,"column":30},"end":{"line":100,"column":48}},"line":100},"15":{"name":"(anonymous_15)","decl":{"start":{"line":116,"column":36},"end":{"line":116,"column":37}},"loc":{"start":{"line":117,"column":16},"end":{"line":117,"column":76}},"line":117},"16":{"name":"(anonymous_16)","decl":{"start":{"line":130,"column":21},"end":{"line":130,"column":22}},"loc":{"start":{"line":130,"column":28},"end":{"line":130,"column":53}},"line":130},"17":{"name":"(anonymous_17)","decl":{"start":{"line":137,"column":23},"end":{"line":137,"column":24}},"loc":{"start":{"line":137,"column":28},"end":{"line":137,"column":53}},"line":137}},"branchMap":{"0":{"loc":{"start":{"line":64,"column":11},"end":{"line":82,"column":11}},"type":"binary-expr","locations":[{"start":{"line":64,"column":11},"end":{"line":64,"column":40}},{"start":{"line":65,"column":12},"end":{"line":81,"column":19}}],"line":64},"1":{"loc":{"start":{"line":72,"column":15},"end":{"line":80,"column":15}},"type":"cond-expr","locations":[{"start":{"line":72,"column":25},"end":{"line":72,"column":27}},{"start":{"line":73,"column":16},"end":{"line":79,"column":25}}],"line":72},"2":{"loc":{"start":{"line":83,"column":11},"end":{"line":105,"column":27}},"type":"cond-expr","locations":[{"start":{"line":84,"column":12},"end":{"line":104,"column":19}},{"start":{"line":105,"column":14},"end":{"line":105,"column":27}}],"line":83},"3":{"loc":{"start":{"line":114,"column":11},"end":{"line":120,"column":30}},"type":"cond-expr","locations":[{"start":{"line":115,"column":12},"end":{"line":119,"column":17}},{"start":{"line":120,"column":14},"end":{"line":120,"column":30}}],"line":114}},"s":{"0":1,"1":1,"2":1,"3":1,"4":0,"5":0,"6":2,"7":2,"8":2,"9":2,"10":1,"11":1,"12":1,"13":1,"14":1,"15":1,"16":1,"17":1,"18":1,"19":1,"20":1,"21":1,"22":1,"23":1,"24":1,"25":1,"26":4,"27":4,"28":4,"29":1,"30":1,"31":2,"32":1,"33":0,"34":4,"35":5,"36":1},"f":{"0":1,"1":1,"2":0,"3":0,"4":2,"5":1,"6":1,"7":1,"8":1,"9":4,"10":1,"11":1,"12":2,"13":1,"14":0,"15":4,"16":5,"17":1},"b":{"0":[4,4],"1":[1,3],"2":[1,3],"3":[4,0]},"_coverageSchema":"332fd63041d2c1bcb487cc26dd0d5f7d97098a6c","hash":"94b9a47043bf5b88970c6b3d4577403f5d17af16"}
,"/home/pn/html-practice/bpwjs/client/src/components/user/index.js": {"path":"/home/pn/html-practice/bpwjs/client/src/components/user/index.js","statementMap":{"0":{"start":{"line":7,"column":24},"end":{"line":7,"column":34}},"1":{"start":{"line":7,"column":31},"end":{"line":7,"column":33}},"2":{"start":{"line":8,"column":27},"end":{"line":10,"column":2}},"3":{"start":{"line":8,"column":42},"end":{"line":10,"column":1}},"4":{"start":{"line":9,"column":25},"end":{"line":9,"column":54}},"5":{"start":{"line":12,"column":20},"end":{"line":47,"column":1}},"6":{"start":{"line":15,"column":19},"end":{"line":20,"column":3}},"7":{"start":{"line":16,"column":4},"end":{"line":19,"column":7}},"8":{"start":{"line":22,"column":2},"end":{"line":46,"column":11}},"9":{"start":{"line":28,"column":23},"end":{"line":28,"column":37}}},"fnMap":{"0":{"name":"(anonymous_0)","decl":{"start":{"line":7,"column":24},"end":{"line":7,"column":25}},"loc":{"start":{"line":7,"column":31},"end":{"line":7,"column":33}},"line":7},"1":{"name":"(anonymous_1)","decl":{"start":{"line":8,"column":27},"end":{"line":8,"column":28}},"loc":{"start":{"line":8,"column":42},"end":{"line":10,"column":1}},"line":8},"2":{"name":"(anonymous_2)","decl":{"start":{"line":9,"column":14},"end":{"line":9,"column":15}},"loc":{"start":{"line":9,"column":25},"end":{"line":9,"column":54}},"line":9},"3":{"name":"(anonymous_3)","decl":{"start":{"line":12,"column":20},"end":{"line":12,"column":21}},"loc":{"start":{"line":12,"column":50},"end":{"line":47,"column":1}},"line":12},"4":{"name":"(anonymous_4)","decl":{"start":{"line":15,"column":19},"end":{"line":15,"column":20}},"loc":{"start":{"line":15,"column":25},"end":{"line":20,"column":3}},"line":15},"5":{"name":"(anonymous_5)","decl":{"start":{"line":28,"column":17},"end":{"line":28,"column":18}},"loc":{"start":{"line":28,"column":22},"end":{"line":28,"column":38}},"line":28}},"branchMap":{"0":{"loc":{"start":{"line":22,"column":9},"end":{"line":46,"column":10}},"type":"cond-expr","locations":[{"start":{"line":23,"column":4},"end":{"line":45,"column":10}},{"start":{"line":46,"column":6},"end":{"line":46,"column":10}}],"line":22},"1":{"loc":{"start":{"line":25,"column":15},"end":{"line":32,"column":22}},"type":"cond-expr","locations":[{"start":{"line":26,"column":10},"end":{"line":31,"column":12}},{"start":{"line":32,"column":12},"end":{"line":32,"column":22}}],"line":25},"2":{"loc":{"start":{"line":34,"column":9},"end":{"line":40,"column":9}},"type":"binary-expr","locations":[{"start":{"line":34,"column":9},"end":{"line":34,"column":13}},{"start":{"line":35,"column":10},"end":{"line":39,"column":16}}],"line":34}},"s":{"0":1,"1":1,"2":1,"3":1,"4":0,"5":1,"6":2,"7":1,"8":2,"9":1},"f":{"0":1,"1":1,"2":0,"3":2,"4":1,"5":1},"b":{"0":[2,0],"1":[2,0],"2":[2,2]},"_coverageSchema":"332fd63041d2c1bcb487cc26dd0d5f7d97098a6c","hash":"0e42d35fd162c62376d3fd2ee4af611033371209"}
,"/home/pn/html-practice/bpwjs/client/src/store/actionTypes.js": {"path":"/home/pn/html-practice/bpwjs/client/src/store/actionTypes.js","statementMap":{"0":{"start":{"line":2,"column":27},"end":{"line":2,"column":40}},"1":{"start":{"line":3,"column":31},"end":{"line":3,"column":48}},"2":{"start":{"line":5,"column":24},"end":{"line":5,"column":34}},"3":{"start":{"line":6,"column":29},"end":{"line":6,"column":44}},"4":{"start":{"line":7,"column":27},"end":{"line":7,"column":40}},"5":{"start":{"line":8,"column":27},"end":{"line":8,"column":40}},"6":{"start":{"line":9,"column":32},"end":{"line":9,"column":50}},"7":{"start":{"line":10,"column":30},"end":{"line":10,"column":46}},"8":{"start":{"line":12,"column":32},"end":{"line":12,"column":50}},"9":{"start":{"line":13,"column":35},"end":{"line":13,"column":56}},"10":{"start":{"line":15,"column":33},"end":{"line":15,"column":52}},"11":{"start":{"line":16,"column":41},"end":{"line":16,"column":68}},"12":{"start":{"line":17,"column":39},"end":{"line":17,"column":64}},"13":{"start":{"line":18,"column":31},"end":{"line":18,"column":48}},"14":{"start":{"line":19,"column":39},"end":{"line":19,"column":64}},"15":{"start":{"line":20,"column":37},"end":{"line":20,"column":60}},"16":{"start":{"line":21,"column":31},"end":{"line":21,"column":48}},"17":{"start":{"line":22,"column":39},"end":{"line":22,"column":64}},"18":{"start":{"line":23,"column":37},"end":{"line":23,"column":60}},"19":{"start":{"line":24,"column":31},"end":{"line":24,"column":48}},"20":{"start":{"line":25,"column":39},"end":{"line":25,"column":64}},"21":{"start":{"line":26,"column":37},"end":{"line":26,"column":60}},"22":{"start":{"line":27,"column":31},"end":{"line":27,"column":48}},"23":{"start":{"line":28,"column":39},"end":{"line":28,"column":64}},"24":{"start":{"line":29,"column":37},"end":{"line":29,"column":60}},"25":{"start":{"line":31,"column":24},"end":{"line":31,"column":34}},"26":{"start":{"line":32,"column":32},"end":{"line":32,"column":50}},"27":{"start":{"line":33,"column":30},"end":{"line":33,"column":46}},"28":{"start":{"line":34,"column":27},"end":{"line":34,"column":40}},"29":{"start":{"line":35,"column":35},"end":{"line":35,"column":56}},"30":{"start":{"line":36,"column":33},"end":{"line":36,"column":52}}},"fnMap":{},"branchMap":{},"s":{"0":7,"1":7,"2":7,"3":7,"4":7,"5":7,"6":7,"7":7,"8":7,"9":7,"10":7,"11":7,"12":7,"13":7,"14":7,"15":7,"16":7,"17":7,"18":7,"19":7,"20":7,"21":7,"22":7,"23":7,"24":7,"25":7,"26":7,"27":7,"28":7,"29":7,"30":7},"f":{},"b":{},"_coverageSchema":"332fd63041d2c1bcb487cc26dd0d5f7d97098a6c","hash":"c75c2aa5d01b0e419a24336ac5945d32b38f1c5e"}
,"/home/pn/html-practice/bpwjs/client/src/store/index.js": {"path":"/home/pn/html-practice/bpwjs/client/src/store/index.js","statementMap":{"0":{"start":{"line":12,"column":23},"end":{"line":12,"column":53}},"1":{"start":{"line":15,"column":25},"end":{"line":15,"column":79}},"2":{"start":{"line":16,"column":33},"end":{"line":16,"column":65}},"3":{"start":{"line":17,"column":20},"end":{"line":20,"column":1}},"4":{"start":{"line":23,"column":14},"end":{"line":23,"column":51}}},"fnMap":{},"branchMap":{"0":{"loc":{"start":{"line":15,"column":25},"end":{"line":15,"column":79}},"type":"binary-expr","locations":[{"start":{"line":15,"column":25},"end":{"line":15,"column":68}},{"start":{"line":15,"column":72},"end":{"line":15,"column":79}}],"line":15}},"s":{"0":1,"1":1,"2":1,"3":1,"4":1},"f":{},"b":{"0":[1,1]},"_coverageSchema":"332fd63041d2c1bcb487cc26dd0d5f7d97098a6c","hash":"4f0d73b1477f0682b3a8a1d2991c89cd2f12b649"}
,"/home/pn/html-practice/bpwjs/client/src/store/rootEpic.js": {"path":"/home/pn/html-practice/bpwjs/client/src/store/rootEpic.js","statementMap":{},"fnMap":{},"branchMap":{},"s":{},"f":{},"b":{},"_coverageSchema":"332fd63041d2c1bcb487cc26dd0d5f7d97098a6c","hash":"dfd0d7872b4d9b0d3764e4e1df0d9a83a06b9915"}
,"/home/pn/html-practice/bpwjs/client/src/store/rootReducer.js": {"path":"/home/pn/html-practice/bpwjs/client/src/store/rootReducer.js","statementMap":{},"fnMap":{},"branchMap":{},"s":{},"f":{},"b":{},"_coverageSchema":"332fd63041d2c1bcb487cc26dd0d5f7d97098a6c","hash":"f42829a2a2c45a50a03a8b8b57a49705c584d4a1"}
,"/home/pn/html-practice/bpwjs/client/src/store/actions/index.js": {"path":"/home/pn/html-practice/bpwjs/client/src/store/actions/index.js","statementMap":{"0":{"start":{"line":3,"column":25},"end":{"line":3,"column":26}},"1":{"start":{"line":5,"column":32},"end":{"line":7,"column":2}},"2":{"start":{"line":5,"column":39},"end":{"line":7,"column":1}},"3":{"start":{"line":9,"column":27},"end":{"line":12,"column":2}},"4":{"start":{"line":9,"column":39},"end":{"line":12,"column":1}},"5":{"start":{"line":14,"column":30},"end":{"line":17,"column":2}},"6":{"start":{"line":14,"column":42},"end":{"line":17,"column":1}},"7":{"start":{"line":24,"column":37},"end":{"line":31,"column":2}},"8":{"start":{"line":24,"column":61},"end":{"line":31,"column":1}},"9":{"start":{"line":38,"column":40},"end":{"line":41,"column":2}},"10":{"start":{"line":38,"column":59},"end":{"line":41,"column":1}},"11":{"start":{"line":43,"column":31},"end":{"line":45,"column":2}},"12":{"start":{"line":43,"column":38},"end":{"line":45,"column":1}},"13":{"start":{"line":47,"column":30},"end":{"line":50,"column":2}},"14":{"start":{"line":47,"column":42},"end":{"line":50,"column":1}},"15":{"start":{"line":52,"column":30},"end":{"line":55,"column":2}},"16":{"start":{"line":52,"column":42},"end":{"line":55,"column":1}},"17":{"start":{"line":57,"column":30},"end":{"line":60,"column":2}},"18":{"start":{"line":57,"column":42},"end":{"line":60,"column":1}},"19":{"start":{"line":62,"column":30},"end":{"line":65,"column":2}},"20":{"start":{"line":62,"column":42},"end":{"line":65,"column":1}},"21":{"start":{"line":68,"column":23},"end":{"line":71,"column":2}},"22":{"start":{"line":68,"column":37},"end":{"line":71,"column":1}},"23":{"start":{"line":73,"column":26},"end":{"line":76,"column":2}},"24":{"start":{"line":73,"column":40},"end":{"line":76,"column":1}}},"fnMap":{"0":{"name":"(anonymous_0)","decl":{"start":{"line":5,"column":32},"end":{"line":5,"column":33}},"loc":{"start":{"line":5,"column":39},"end":{"line":7,"column":1}},"line":5},"1":{"name":"(anonymous_1)","decl":{"start":{"line":9,"column":27},"end":{"line":9,"column":28}},"loc":{"start":{"line":9,"column":39},"end":{"line":12,"column":1}},"line":9},"2":{"name":"(anonymous_2)","decl":{"start":{"line":14,"column":30},"end":{"line":14,"column":31}},"loc":{"start":{"line":14,"column":42},"end":{"line":17,"column":1}},"line":14},"3":{"name":"(anonymous_3)","decl":{"start":{"line":24,"column":37},"end":{"line":24,"column":38}},"loc":{"start":{"line":24,"column":61},"end":{"line":31,"column":1}},"line":24},"4":{"name":"(anonymous_4)","decl":{"start":{"line":38,"column":40},"end":{"line":38,"column":41}},"loc":{"start":{"line":38,"column":59},"end":{"line":41,"column":1}},"line":38},"5":{"name":"(anonymous_5)","decl":{"start":{"line":43,"column":31},"end":{"line":43,"column":32}},"loc":{"start":{"line":43,"column":38},"end":{"line":45,"column":1}},"line":43},"6":{"name":"(anonymous_6)","decl":{"start":{"line":47,"column":30},"end":{"line":47,"column":31}},"loc":{"start":{"line":47,"column":42},"end":{"line":50,"column":1}},"line":47},"7":{"name":"(anonymous_7)","decl":{"start":{"line":52,"column":30},"end":{"line":52,"column":31}},"loc":{"start":{"line":52,"column":42},"end":{"line":55,"column":1}},"line":52},"8":{"name":"(anonymous_8)","decl":{"start":{"line":57,"column":30},"end":{"line":57,"column":31}},"loc":{"start":{"line":57,"column":42},"end":{"line":60,"column":1}},"line":57},"9":{"name":"(anonymous_9)","decl":{"start":{"line":62,"column":30},"end":{"line":62,"column":31}},"loc":{"start":{"line":62,"column":42},"end":{"line":65,"column":1}},"line":62},"10":{"name":"(anonymous_10)","decl":{"start":{"line":68,"column":23},"end":{"line":68,"column":24}},"loc":{"start":{"line":68,"column":37},"end":{"line":71,"column":1}},"line":68},"11":{"name":"(anonymous_11)","decl":{"start":{"line":73,"column":26},"end":{"line":73,"column":27}},"loc":{"start":{"line":73,"column":40},"end":{"line":76,"column":1}},"line":73}},"branchMap":{},"s":{"0":7,"1":7,"2":0,"3":7,"4":0,"5":7,"6":0,"7":7,"8":0,"9":7,"10":0,"11":7,"12":0,"13":7,"14":0,"15":7,"16":0,"17":7,"18":0,"19":7,"20":0,"21":7,"22":0,"23":7,"24":0},"f":{"0":0,"1":0,"2":0,"3":0,"4":0,"5":0,"6":0,"7":0,"8":0,"9":0,"10":0,"11":0},"b":{},"_coverageSchema":"332fd63041d2c1bcb487cc26dd0d5f7d97098a6c","hash":"d3002d8d0585883daa13290d7071807610443069"}
,"/home/pn/html-practice/bpwjs/client/src/store/epics/auth.js": {"path":"/home/pn/html-practice/bpwjs/client/src/store/epics/auth.js","statementMap":{"0":{"start":{"line":23,"column":21},"end":{"line":45,"column":3}},"1":{"start":{"line":23,"column":32},"end":{"line":45,"column":3}},"2":{"start":{"line":25,"column":28},"end":{"line":44,"column":6}},"3":{"start":{"line":27,"column":16},"end":{"line":27,"column":28}},"4":{"start":{"line":28,"column":26},"end":{"line":35,"column":5}},"5":{"start":{"line":36,"column":20},"end":{"line":44,"column":5}},"6":{"start":{"line":48,"column":24},"end":{"line":71,"column":3}},"7":{"start":{"line":48,"column":35},"end":{"line":71,"column":3}},"8":{"start":{"line":50,"column":28},"end":{"line":70,"column":6}},"9":{"start":{"line":52,"column":16},"end":{"line":52,"column":28}},"10":{"start":{"line":53,"column":26},"end":{"line":61,"column":5}},"11":{"start":{"line":62,"column":20},"end":{"line":70,"column":5}}},"fnMap":{"0":{"name":"(anonymous_0)","decl":{"start":{"line":23,"column":21},"end":{"line":23,"column":22}},"loc":{"start":{"line":23,"column":32},"end":{"line":45,"column":3}},"line":23},"1":{"name":"(anonymous_1)","decl":{"start":{"line":25,"column":13},"end":{"line":25,"column":14}},"loc":{"start":{"line":25,"column":28},"end":{"line":44,"column":6}},"line":25},"2":{"name":"(anonymous_2)","decl":{"start":{"line":27,"column":9},"end":{"line":27,"column":10}},"loc":{"start":{"line":27,"column":16},"end":{"line":27,"column":28}},"line":27},"3":{"name":"(anonymous_3)","decl":{"start":{"line":28,"column":14},"end":{"line":28,"column":15}},"loc":{"start":{"line":28,"column":26},"end":{"line":35,"column":5}},"line":28},"4":{"name":"(anonymous_4)","decl":{"start":{"line":36,"column":11},"end":{"line":36,"column":12}},"loc":{"start":{"line":36,"column":20},"end":{"line":44,"column":5}},"line":36},"5":{"name":"(anonymous_5)","decl":{"start":{"line":48,"column":24},"end":{"line":48,"column":25}},"loc":{"start":{"line":48,"column":35},"end":{"line":71,"column":3}},"line":48},"6":{"name":"(anonymous_6)","decl":{"start":{"line":50,"column":13},"end":{"line":50,"column":14}},"loc":{"start":{"line":50,"column":28},"end":{"line":70,"column":6}},"line":50},"7":{"name":"(anonymous_7)","decl":{"start":{"line":52,"column":9},"end":{"line":52,"column":10}},"loc":{"start":{"line":52,"column":16},"end":{"line":52,"column":28}},"line":52},"8":{"name":"(anonymous_8)","decl":{"start":{"line":53,"column":14},"end":{"line":53,"column":15}},"loc":{"start":{"line":53,"column":26},"end":{"line":61,"column":5}},"line":53},"9":{"name":"(anonymous_9)","decl":{"start":{"line":62,"column":11},"end":{"line":62,"column":12}},"loc":{"start":{"line":62,"column":20},"end":{"line":70,"column":5}},"line":62}},"branchMap":{},"s":{"0":1,"1":1,"2":0,"3":0,"4":0,"5":0,"6":1,"7":1,"8":0,"9":0,"10":0,"11":0},"f":{"0":1,"1":0,"2":0,"3":0,"4":0,"5":1,"6":0,"7":0,"8":0,"9":0},"b":{},"_coverageSchema":"332fd63041d2c1bcb487cc26dd0d5f7d97098a6c","hash":"28be6cff2ac71930544d88f55c66d8e1d77946c7"}
,"/home/pn/html-practice/bpwjs/client/src/store/epics/helloworld.js": {"path":"/home/pn/html-practice/bpwjs/client/src/store/epics/helloworld.js","statementMap":{"0":{"start":{"line":4,"column":26},"end":{"line":14,"column":3}},"1":{"start":{"line":4,"column":37},"end":{"line":14,"column":3}},"2":{"start":{"line":6,"column":19},"end":{"line":13,"column":7}},"3":{"start":{"line":8,"column":16},"end":{"line":13,"column":5}}},"fnMap":{"0":{"name":"(anonymous_0)","decl":{"start":{"line":4,"column":26},"end":{"line":4,"column":27}},"loc":{"start":{"line":4,"column":37},"end":{"line":14,"column":3}},"line":4},"1":{"name":"(anonymous_1)","decl":{"start":{"line":6,"column":13},"end":{"line":6,"column":14}},"loc":{"start":{"line":6,"column":19},"end":{"line":13,"column":7}},"line":6},"2":{"name":"(anonymous_2)","decl":{"start":{"line":8,"column":9},"end":{"line":8,"column":10}},"loc":{"start":{"line":8,"column":16},"end":{"line":13,"column":5}},"line":8}},"branchMap":{},"s":{"0":1,"1":1,"2":0,"3":0},"f":{"0":1,"1":0,"2":0},"b":{},"_coverageSchema":"332fd63041d2c1bcb487cc26dd0d5f7d97098a6c","hash":"2355d9bf52633bf8cf9fc9ab6e3500aa0e0ee148"}
,"/home/pn/html-practice/bpwjs/client/src/store/epics/index.js": {"path":"/home/pn/html-practice/bpwjs/client/src/store/epics/index.js","statementMap":{},"fnMap":{},"branchMap":{},"s":{},"f":{},"b":{},"_coverageSchema":"332fd63041d2c1bcb487cc26dd0d5f7d97098a6c","hash":"66f5922e5df393d1dec57b750fe18f633e5f78b0"}
,"/home/pn/html-practice/bpwjs/client/src/store/epics/notifications.js": {"path":"/home/pn/html-practice/bpwjs/client/src/store/epics/notifications.js","statementMap":{"0":{"start":{"line":5,"column":31},"end":{"line":14,"column":3}},"1":{"start":{"line":5,"column":42},"end":{"line":14,"column":3}},"2":{"start":{"line":8,"column":4},"end":{"line":13,"column":5}},"3":{"start":{"line":12,"column":47},"end":{"line":12,"column":81}}},"fnMap":{"0":{"name":"(anonymous_0)","decl":{"start":{"line":5,"column":31},"end":{"line":5,"column":32}},"loc":{"start":{"line":5,"column":42},"end":{"line":14,"column":3}},"line":5},"1":{"name":"(anonymous_1)","decl":{"start":{"line":7,"column":12},"end":{"line":7,"column":13}},"loc":{"start":{"line":8,"column":4},"end":{"line":13,"column":5}},"line":8},"2":{"name":"(anonymous_2)","decl":{"start":{"line":12,"column":14},"end":{"line":12,"column":15}},"loc":{"start":{"line":12,"column":47},"end":{"line":12,"column":81}},"line":12}},"branchMap":{},"s":{"0":1,"1":1,"2":0,"3":0},"f":{"0":1,"1":0,"2":0},"b":{},"_coverageSchema":"332fd63041d2c1bcb487cc26dd0d5f7d97098a6c","hash":"0a04b6c83365a1b5bda3284733a765e0ef789561"}
,"/home/pn/html-practice/bpwjs/client/src/store/epics/questions.js": {"path":"/home/pn/html-practice/bpwjs/client/src/store/epics/questions.js","statementMap":{"0":{"start":{"line":5,"column":31},"end":{"line":19,"column":3}},"1":{"start":{"line":5,"column":42},"end":{"line":19,"column":3}},"2":{"start":{"line":8,"column":28},"end":{"line":18,"column":7}},"3":{"start":{"line":10,"column":16},"end":{"line":10,"column":28}},"4":{"start":{"line":11,"column":23},"end":{"line":14,"column":5}},"5":{"start":{"line":15,"column":20},"end":{"line":18,"column":6}},"6":{"start":{"line":21,"column":30},"end":{"line":39,"column":3}},"7":{"start":{"line":21,"column":41},"end":{"line":39,"column":3}},"8":{"start":{"line":24,"column":37},"end":{"line":38,"column":7}},"9":{"start":{"line":30,"column":16},"end":{"line":30,"column":28}},"10":{"start":{"line":31,"column":22},"end":{"line":34,"column":5}},"11":{"start":{"line":35,"column":20},"end":{"line":38,"column":6}},"12":{"start":{"line":41,"column":30},"end":{"line":55,"column":3}},"13":{"start":{"line":41,"column":41},"end":{"line":55,"column":3}},"14":{"start":{"line":44,"column":37},"end":{"line":54,"column":7}},"15":{"start":{"line":46,"column":16},"end":{"line":46,"column":28}},"16":{"start":{"line":47,"column":22},"end":{"line":50,"column":5}},"17":{"start":{"line":51,"column":20},"end":{"line":54,"column":6}},"18":{"start":{"line":57,"column":30},"end":{"line":71,"column":3}},"19":{"start":{"line":57,"column":41},"end":{"line":71,"column":3}},"20":{"start":{"line":60,"column":37},"end":{"line":70,"column":7}},"21":{"start":{"line":62,"column":16},"end":{"line":62,"column":28}},"22":{"start":{"line":63,"column":16},"end":{"line":66,"column":5}},"23":{"start":{"line":67,"column":20},"end":{"line":70,"column":6}},"24":{"start":{"line":73,"column":30},"end":{"line":91,"column":3}},"25":{"start":{"line":73,"column":41},"end":{"line":91,"column":3}},"26":{"start":{"line":76,"column":37},"end":{"line":90,"column":7}},"27":{"start":{"line":82,"column":16},"end":{"line":82,"column":28}},"28":{"start":{"line":83,"column":22},"end":{"line":86,"column":5}},"29":{"start":{"line":87,"column":20},"end":{"line":90,"column":6}}},"fnMap":{"0":{"name":"(anonymous_0)","decl":{"start":{"line":5,"column":31},"end":{"line":5,"column":32}},"loc":{"start":{"line":5,"column":42},"end":{"line":19,"column":3}},"line":5},"1":{"name":"(anonymous_1)","decl":{"start":{"line":8,"column":13},"end":{"line":8,"column":14}},"loc":{"start":{"line":8,"column":28},"end":{"line":18,"column":7}},"line":8},"2":{"name":"(anonymous_2)","decl":{"start":{"line":10,"column":9},"end":{"line":10,"column":10}},"loc":{"start":{"line":10,"column":16},"end":{"line":10,"column":28}},"line":10},"3":{"name":"(anonymous_3)","decl":{"start":{"line":11,"column":9},"end":{"line":11,"column":10}},"loc":{"start":{"line":11,"column":23},"end":{"line":14,"column":5}},"line":11},"4":{"name":"(anonymous_4)","decl":{"start":{"line":15,"column":11},"end":{"line":15,"column":12}},"loc":{"start":{"line":15,"column":20},"end":{"line":18,"column":6}},"line":15},"5":{"name":"(anonymous_5)","decl":{"start":{"line":21,"column":30},"end":{"line":21,"column":31}},"loc":{"start":{"line":21,"column":41},"end":{"line":39,"column":3}},"line":21},"6":{"name":"(anonymous_6)","decl":{"start":{"line":24,"column":13},"end":{"line":24,"column":14}},"loc":{"start":{"line":24,"column":37},"end":{"line":38,"column":7}},"line":24},"7":{"name":"(anonymous_7)","decl":{"start":{"line":30,"column":9},"end":{"line":30,"column":10}},"loc":{"start":{"line":30,"column":16},"end":{"line":30,"column":28}},"line":30},"8":{"name":"(anonymous_8)","decl":{"start":{"line":31,"column":9},"end":{"line":31,"column":10}},"loc":{"start":{"line":31,"column":22},"end":{"line":34,"column":5}},"line":31},"9":{"name":"(anonymous_9)","decl":{"start":{"line":35,"column":11},"end":{"line":35,"column":12}},"loc":{"start":{"line":35,"column":20},"end":{"line":38,"column":6}},"line":35},"10":{"name":"(anonymous_10)","decl":{"start":{"line":41,"column":30},"end":{"line":41,"column":31}},"loc":{"start":{"line":41,"column":41},"end":{"line":55,"column":3}},"line":41},"11":{"name":"(anonymous_11)","decl":{"start":{"line":44,"column":13},"end":{"line":44,"column":14}},"loc":{"start":{"line":44,"column":37},"end":{"line":54,"column":7}},"line":44},"12":{"name":"(anonymous_12)","decl":{"start":{"line":46,"column":9},"end":{"line":46,"column":10}},"loc":{"start":{"line":46,"column":16},"end":{"line":46,"column":28}},"line":46},"13":{"name":"(anonymous_13)","decl":{"start":{"line":47,"column":9},"end":{"line":47,"column":10}},"loc":{"start":{"line":47,"column":22},"end":{"line":50,"column":5}},"line":47},"14":{"name":"(anonymous_14)","decl":{"start":{"line":51,"column":11},"end":{"line":51,"column":12}},"loc":{"start":{"line":51,"column":20},"end":{"line":54,"column":6}},"line":51},"15":{"name":"(anonymous_15)","decl":{"start":{"line":57,"column":30},"end":{"line":57,"column":31}},"loc":{"start":{"line":57,"column":41},"end":{"line":71,"column":3}},"line":57},"16":{"name":"(anonymous_16)","decl":{"start":{"line":60,"column":13},"end":{"line":60,"column":14}},"loc":{"start":{"line":60,"column":37},"end":{"line":70,"column":7}},"line":60},"17":{"name":"(anonymous_17)","decl":{"start":{"line":62,"column":9},"end":{"line":62,"column":10}},"loc":{"start":{"line":62,"column":16},"end":{"line":62,"column":28}},"line":62},"18":{"name":"(anonymous_18)","decl":{"start":{"line":63,"column":9},"end":{"line":63,"column":10}},"loc":{"start":{"line":63,"column":16},"end":{"line":66,"column":5}},"line":63},"19":{"name":"(anonymous_19)","decl":{"start":{"line":67,"column":11},"end":{"line":67,"column":12}},"loc":{"start":{"line":67,"column":20},"end":{"line":70,"column":6}},"line":67},"20":{"name":"(anonymous_20)","decl":{"start":{"line":73,"column":30},"end":{"line":73,"column":31}},"loc":{"start":{"line":73,"column":41},"end":{"line":91,"column":3}},"line":73},"21":{"name":"(anonymous_21)","decl":{"start":{"line":76,"column":13},"end":{"line":76,"column":14}},"loc":{"start":{"line":76,"column":37},"end":{"line":90,"column":7}},"line":76},"22":{"name":"(anonymous_22)","decl":{"start":{"line":82,"column":9},"end":{"line":82,"column":10}},"loc":{"start":{"line":82,"column":16},"end":{"line":82,"column":28}},"line":82},"23":{"name":"(anonymous_23)","decl":{"start":{"line":83,"column":9},"end":{"line":83,"column":10}},"loc":{"start":{"line":83,"column":22},"end":{"line":86,"column":5}},"line":83},"24":{"name":"(anonymous_24)","decl":{"start":{"line":87,"column":11},"end":{"line":87,"column":12}},"loc":{"start":{"line":87,"column":20},"end":{"line":90,"column":6}},"line":87}},"branchMap":{},"s":{"0":1,"1":1,"2":0,"3":0,"4":0,"5":0,"6":1,"7":1,"8":0,"9":0,"10":0,"11":0,"12":1,"13":1,"14":0,"15":0,"16":0,"17":0,"18":1,"19":1,"20":0,"21":0,"22":0,"23":0,"24":1,"25":1,"26":0,"27":0,"28":0,"29":0},"f":{"0":1,"1":0,"2":0,"3":0,"4":0,"5":1,"6":0,"7":0,"8":0,"9":0,"10":1,"11":0,"12":0,"13":0,"14":0,"15":1,"16":0,"17":0,"18":0,"19":0,"20":1,"21":0,"22":0,"23":0,"24":0},"b":{},"_coverageSchema":"332fd63041d2c1bcb487cc26dd0d5f7d97098a6c","hash":"71d5766fd3357f096106bdc3a349dbc7bb5924ad"}
,"/home/pn/html-practice/bpwjs/client/src/store/epics/users.js": {"path":"/home/pn/html-practice/bpwjs/client/src/store/epics/users.js","statementMap":{"0":{"start":{"line":5,"column":23},"end":{"line":19,"column":3}},"1":{"start":{"line":5,"column":34},"end":{"line":19,"column":3}},"2":{"start":{"line":8,"column":37},"end":{"line":18,"column":7}},"3":{"start":{"line":10,"column":16},"end":{"line":10,"column":28}},"4":{"start":{"line":11,"column":18},"end":{"line":14,"column":5}},"5":{"start":{"line":15,"column":20},"end":{"line":18,"column":6}},"6":{"start":{"line":21,"column":26},"end":{"line":37,"column":3}},"7":{"start":{"line":21,"column":37},"end":{"line":37,"column":3}},"8":{"start":{"line":24,"column":37},"end":{"line":36,"column":7}},"9":{"start":{"line":28,"column":16},"end":{"line":28,"column":28}},"10":{"start":{"line":29,"column":18},"end":{"line":32,"column":5}},"11":{"start":{"line":33,"column":20},"end":{"line":36,"column":6}}},"fnMap":{"0":{"name":"(anonymous_0)","decl":{"start":{"line":5,"column":23},"end":{"line":5,"column":24}},"loc":{"start":{"line":5,"column":34},"end":{"line":19,"column":3}},"line":5},"1":{"name":"(anonymous_1)","decl":{"start":{"line":8,"column":13},"end":{"line":8,"column":14}},"loc":{"start":{"line":8,"column":37},"end":{"line":18,"column":7}},"line":8},"2":{"name":"(anonymous_2)","decl":{"start":{"line":10,"column":9},"end":{"line":10,"column":10}},"loc":{"start":{"line":10,"column":16},"end":{"line":10,"column":28}},"line":10},"3":{"name":"(anonymous_3)","decl":{"start":{"line":11,"column":9},"end":{"line":11,"column":10}},"loc":{"start":{"line":11,"column":18},"end":{"line":14,"column":5}},"line":11},"4":{"name":"(anonymous_4)","decl":{"start":{"line":15,"column":11},"end":{"line":15,"column":12}},"loc":{"start":{"line":15,"column":20},"end":{"line":18,"column":6}},"line":15},"5":{"name":"(anonymous_5)","decl":{"start":{"line":21,"column":26},"end":{"line":21,"column":27}},"loc":{"start":{"line":21,"column":37},"end":{"line":37,"column":3}},"line":21},"6":{"name":"(anonymous_6)","decl":{"start":{"line":24,"column":13},"end":{"line":24,"column":14}},"loc":{"start":{"line":24,"column":37},"end":{"line":36,"column":7}},"line":24},"7":{"name":"(anonymous_7)","decl":{"start":{"line":28,"column":9},"end":{"line":28,"column":10}},"loc":{"start":{"line":28,"column":16},"end":{"line":28,"column":28}},"line":28},"8":{"name":"(anonymous_8)","decl":{"start":{"line":29,"column":9},"end":{"line":29,"column":10}},"loc":{"start":{"line":29,"column":18},"end":{"line":32,"column":5}},"line":29},"9":{"name":"(anonymous_9)","decl":{"start":{"line":33,"column":11},"end":{"line":33,"column":12}},"loc":{"start":{"line":33,"column":20},"end":{"line":36,"column":6}},"line":33}},"branchMap":{},"s":{"0":1,"1":1,"2":0,"3":0,"4":0,"5":0,"6":1,"7":1,"8":0,"9":0,"10":0,"11":0},"f":{"0":1,"1":0,"2":0,"3":0,"4":0,"5":1,"6":0,"7":0,"8":0,"9":0},"b":{},"_coverageSchema":"332fd63041d2c1bcb487cc26dd0d5f7d97098a6c","hash":"81b5a25b1b4b9f1db562be3b5f8bb22c55037aa2"}
,"/home/pn/html-practice/bpwjs/client/src/store/reducers/auth.js": {"path":"/home/pn/html-practice/bpwjs/client/src/store/reducers/auth.js","statementMap":{"0":{"start":{"line":4,"column":19},"end":{"line":4,"column":52}},"1":{"start":{"line":7,"column":0},"end":{"line":11,"column":1}},"2":{"start":{"line":8,"column":2},"end":{"line":8,"column":32}},"3":{"start":{"line":13,"column":21},"end":{"line":16,"column":1}},"4":{"start":{"line":18,"column":20},"end":{"line":37,"column":1}},"5":{"start":{"line":19,"column":2},"end":{"line":36,"column":3}},"6":{"start":{"line":21,"column":6},"end":{"line":23,"column":8}},"7":{"start":{"line":25,"column":6},"end":{"line":25,"column":63}},"8":{"start":{"line":26,"column":6},"end":{"line":26,"column":77}},"9":{"start":{"line":27,"column":6},"end":{"line":29,"column":8}},"10":{"start":{"line":33,"column":6},"end":{"line":33,"column":19}},"11":{"start":{"line":35,"column":6},"end":{"line":35,"column":19}}},"fnMap":{"0":{"name":"(anonymous_0)","decl":{"start":{"line":18,"column":20},"end":{"line":18,"column":21}},"loc":{"start":{"line":18,"column":54},"end":{"line":37,"column":1}},"line":18}},"branchMap":{"0":{"loc":{"start":{"line":18,"column":21},"end":{"line":18,"column":41}},"type":"default-arg","locations":[{"start":{"line":18,"column":29},"end":{"line":18,"column":41}}],"line":18},"1":{"loc":{"start":{"line":19,"column":2},"end":{"line":36,"column":3}},"type":"switch","locations":[{"start":{"line":20,"column":4},"end":{"line":23,"column":8}},{"start":{"line":24,"column":4},"end":{"line":29,"column":8}},{"start":{"line":30,"column":4},"end":{"line":30,"column":33}},{"start":{"line":31,"column":4},"end":{"line":33,"column":19}},{"start":{"line":34,"column":4},"end":{"line":35,"column":19}}],"line":19}},"s":{"0":1,"1":1,"2":1,"3":1,"4":1,"5":3,"6":0,"7":0,"8":0,"9":0,"10":0,"11":3},"f":{"0":3},"b":{"0":[3],"1":[0,0,0,0,3]},"_coverageSchema":"332fd63041d2c1bcb487cc26dd0d5f7d97098a6c","hash":"0eccb502c9a87ea852e2f36907dbd903f6054e1f"}
,"/home/pn/html-practice/bpwjs/client/src/store/reducers/helloworld.js": {"path":"/home/pn/html-practice/bpwjs/client/src/store/reducers/helloworld.js","statementMap":{"0":{"start":{"line":3,"column":21},"end":{"line":3,"column":40}},"1":{"start":{"line":5,"column":26},"end":{"line":18,"column":1}},"2":{"start":{"line":6,"column":2},"end":{"line":17,"column":3}},"3":{"start":{"line":8,"column":6},"end":{"line":10,"column":8}},"4":{"start":{"line":12,"column":6},"end":{"line":14,"column":8}},"5":{"start":{"line":16,"column":6},"end":{"line":16,"column":19}}},"fnMap":{"0":{"name":"(anonymous_0)","decl":{"start":{"line":5,"column":26},"end":{"line":5,"column":27}},"loc":{"start":{"line":5,"column":60},"end":{"line":18,"column":1}},"line":5}},"branchMap":{"0":{"loc":{"start":{"line":5,"column":27},"end":{"line":5,"column":47}},"type":"default-arg","locations":[{"start":{"line":5,"column":35},"end":{"line":5,"column":47}}],"line":5},"1":{"loc":{"start":{"line":6,"column":2},"end":{"line":17,"column":3}},"type":"switch","locations":[{"start":{"line":7,"column":4},"end":{"line":10,"column":8}},{"start":{"line":11,"column":4},"end":{"line":14,"column":8}},{"start":{"line":15,"column":4},"end":{"line":16,"column":19}}],"line":6}},"s":{"0":1,"1":1,"2":3,"3":0,"4":0,"5":3},"f":{"0":3},"b":{"0":[3],"1":[0,0,3]},"_coverageSchema":"332fd63041d2c1bcb487cc26dd0d5f7d97098a6c","hash":"5751f2947246d165f7cac8a314752998795b949b"}
,"/home/pn/html-practice/bpwjs/client/src/store/reducers/index.js": {"path":"/home/pn/html-practice/bpwjs/client/src/store/reducers/index.js","statementMap":{},"fnMap":{},"branchMap":{},"s":{},"f":{},"b":{},"_coverageSchema":"332fd63041d2c1bcb487cc26dd0d5f7d97098a6c","hash":"b9e46e7f8b62da5a6140ef6d312b6ed43ead2eb8"}
,"/home/pn/html-practice/bpwjs/client/src/store/reducers/notifications.js": {"path":"/home/pn/html-practice/bpwjs/client/src/store/reducers/notifications.js","statementMap":{"0":{"start":{"line":3,"column":21},"end":{"line":3,"column":23}},"1":{"start":{"line":4,"column":29},"end":{"line":18,"column":1}},"2":{"start":{"line":5,"column":2},"end":{"line":17,"column":3}},"3":{"start":{"line":7,"column":6},"end":{"line":10,"column":8}},"4":{"start":{"line":12,"column":29},"end":{"line":12,"column":58}},"5":{"start":{"line":13,"column":6},"end":{"line":13,"column":78}},"6":{"start":{"line":13,"column":42},"end":{"line":13,"column":76}},"7":{"start":{"line":16,"column":6},"end":{"line":16,"column":19}}},"fnMap":{"0":{"name":"(anonymous_0)","decl":{"start":{"line":4,"column":29},"end":{"line":4,"column":30}},"loc":{"start":{"line":4,"column":63},"end":{"line":18,"column":1}},"line":4},"1":{"name":"(anonymous_1)","decl":{"start":{"line":13,"column":26},"end":{"line":13,"column":27}},"loc":{"start":{"line":13,"column":42},"end":{"line":13,"column":76}},"line":13}},"branchMap":{"0":{"loc":{"start":{"line":4,"column":30},"end":{"line":4,"column":50}},"type":"default-arg","locations":[{"start":{"line":4,"column":38},"end":{"line":4,"column":50}}],"line":4},"1":{"loc":{"start":{"line":5,"column":2},"end":{"line":17,"column":3}},"type":"switch","locations":[{"start":{"line":6,"column":4},"end":{"line":10,"column":8}},{"start":{"line":11,"column":4},"end":{"line":14,"column":5}},{"start":{"line":15,"column":4},"end":{"line":16,"column":19}}],"line":5}},"s":{"0":1,"1":1,"2":3,"3":0,"4":0,"5":0,"6":0,"7":3},"f":{"0":3,"1":0},"b":{"0":[3],"1":[0,0,3]},"_coverageSchema":"332fd63041d2c1bcb487cc26dd0d5f7d97098a6c","hash":"dc0f6ea0f08c6131fc8b2b669b06e55503f8c4eb"}
,"/home/pn/html-practice/bpwjs/client/src/store/reducers/questions.js": {"path":"/home/pn/html-practice/bpwjs/client/src/store/reducers/questions.js","statementMap":{"0":{"start":{"line":3,"column":21},"end":{"line":3,"column":54}},"1":{"start":{"line":5,"column":25},"end":{"line":60,"column":1}},"2":{"start":{"line":6,"column":2},"end":{"line":59,"column":3}},"3":{"start":{"line":9,"column":6},"end":{"line":12,"column":8}},"4":{"start":{"line":14,"column":6},"end":{"line":17,"column":8}},"5":{"start":{"line":20,"column":27},"end":{"line":22,"column":7}},"6":{"start":{"line":21,"column":13},"end":{"line":21,"column":60}},"7":{"start":{"line":23,"column":6},"end":{"line":23,"column":65}},"8":{"start":{"line":26,"column":27},"end":{"line":26,"column":63}},"9":{"start":{"line":27,"column":6},"end":{"line":27,"column":49}},"10":{"start":{"line":30,"column":27},"end":{"line":32,"column":7}},"11":{"start":{"line":31,"column":13},"end":{"line":31,"column":39}},"12":{"start":{"line":33,"column":6},"end":{"line":33,"column":49}},"13":{"start":{"line":36,"column":27},"end":{"line":44,"column":8}},"14":{"start":{"line":37,"column":8},"end":{"line":42,"column":9}},"15":{"start":{"line":38,"column":10},"end":{"line":41,"column":12}},"16":{"start":{"line":43,"column":8},"end":{"line":43,"column":17}},"17":{"start":{"line":45,"column":6},"end":{"line":45,"column":49}},"18":{"start":{"line":52,"column":6},"end":{"line":56,"column":8}},"19":{"start":{"line":58,"column":6},"end":{"line":58,"column":19}}},"fnMap":{"0":{"name":"(anonymous_0)","decl":{"start":{"line":5,"column":25},"end":{"line":5,"column":26}},"loc":{"start":{"line":5,"column":59},"end":{"line":60,"column":1}},"line":5},"1":{"name":"(anonymous_1)","decl":{"start":{"line":21,"column":8},"end":{"line":21,"column":9}},"loc":{"start":{"line":21,"column":13},"end":{"line":21,"column":60}},"line":21},"2":{"name":"(anonymous_2)","decl":{"start":{"line":31,"column":8},"end":{"line":31,"column":9}},"loc":{"start":{"line":31,"column":13},"end":{"line":31,"column":39}},"line":31},"3":{"name":"(anonymous_3)","decl":{"start":{"line":36,"column":47},"end":{"line":36,"column":48}},"loc":{"start":{"line":36,"column":52},"end":{"line":44,"column":7}},"line":36}},"branchMap":{"0":{"loc":{"start":{"line":5,"column":26},"end":{"line":5,"column":46}},"type":"default-arg","locations":[{"start":{"line":5,"column":34},"end":{"line":5,"column":46}}],"line":5},"1":{"loc":{"start":{"line":6,"column":2},"end":{"line":59,"column":3}},"type":"switch","locations":[{"start":{"line":8,"column":4},"end":{"line":12,"column":8}},{"start":{"line":13,"column":4},"end":{"line":17,"column":8}},{"start":{"line":19,"column":4},"end":{"line":24,"column":5}},{"start":{"line":25,"column":4},"end":{"line":28,"column":5}},{"start":{"line":29,"column":4},"end":{"line":34,"column":5}},{"start":{"line":35,"column":4},"end":{"line":46,"column":5}},{"start":{"line":47,"column":4},"end":{"line":47,"column":43}},{"start":{"line":48,"column":4},"end":{"line":48,"column":43}},{"start":{"line":49,"column":4},"end":{"line":49,"column":45}},{"start":{"line":50,"column":4},"end":{"line":50,"column":43}},{"start":{"line":51,"column":4},"end":{"line":56,"column":8}},{"start":{"line":57,"column":4},"end":{"line":58,"column":19}}],"line":6},"2":{"loc":{"start":{"line":21,"column":13},"end":{"line":21,"column":60}},"type":"cond-expr","locations":[{"start":{"line":21,"column":42},"end":{"line":21,"column":56}},{"start":{"line":21,"column":59},"end":{"line":21,"column":60}}],"line":21},"3":{"loc":{"start":{"line":37,"column":8},"end":{"line":42,"column":9}},"type":"if","locations":[{"start":{"line":37,"column":8},"end":{"line":42,"column":9}},{"start":{"line":37,"column":8},"end":{"line":42,"column":9}}],"line":37}},"s":{"0":1,"1":1,"2":3,"3":0,"4":0,"5":0,"6":0,"7":0,"8":0,"9":0,"10":0,"11":0,"12":0,"13":0,"14":0,"15":0,"16":0,"17":0,"18":0,"19":3},"f":{"0":3,"1":0,"2":0,"3":0},"b":{"0":[3],"1":[0,0,0,0,0,0,0,0,0,0,0,3],"2":[0,0],"3":[0,0]},"_coverageSchema":"332fd63041d2c1bcb487cc26dd0d5f7d97098a6c","hash":"b9882ef161312121393661b3e579a702c1e53433"}
,"/home/pn/html-practice/bpwjs/client/src/store/reducers/users.js": {"path":"/home/pn/html-practice/bpwjs/client/src/store/reducers/users.js","statementMap":{"0":{"start":{"line":3,"column":21},"end":{"line":3,"column":51}},"1":{"start":{"line":5,"column":21},"end":{"line":30,"column":1}},"2":{"start":{"line":6,"column":2},"end":{"line":29,"column":3}},"3":{"start":{"line":10,"column":6},"end":{"line":13,"column":8}},"4":{"start":{"line":16,"column":6},"end":{"line":19,"column":8}},"5":{"start":{"line":22,"column":6},"end":{"line":26,"column":8}},"6":{"start":{"line":28,"column":6},"end":{"line":28,"column":19}}},"fnMap":{"0":{"name":"(anonymous_0)","decl":{"start":{"line":5,"column":21},"end":{"line":5,"column":22}},"loc":{"start":{"line":5,"column":55},"end":{"line":30,"column":1}},"line":5}},"branchMap":{"0":{"loc":{"start":{"line":5,"column":22},"end":{"line":5,"column":42}},"type":"default-arg","locations":[{"start":{"line":5,"column":30},"end":{"line":5,"column":42}}],"line":5},"1":{"loc":{"start":{"line":6,"column":2},"end":{"line":29,"column":3}},"type":"switch","locations":[{"start":{"line":8,"column":4},"end":{"line":8,"column":33}},{"start":{"line":9,"column":4},"end":{"line":13,"column":8}},{"start":{"line":14,"column":4},"end":{"line":14,"column":41}},{"start":{"line":15,"column":4},"end":{"line":19,"column":8}},{"start":{"line":20,"column":4},"end":{"line":20,"column":36}},{"start":{"line":21,"column":4},"end":{"line":26,"column":8}},{"start":{"line":27,"column":4},"end":{"line":28,"column":19}}],"line":6}},"s":{"0":1,"1":1,"2":3,"3":0,"4":0,"5":0,"6":3},"f":{"0":3},"b":{"0":[3],"1":[0,0,0,0,0,0,3]},"_coverageSchema":"332fd63041d2c1bcb487cc26dd0d5f7d97098a6c","hash":"a7ee55ef95db9ff79fd284f064c75c29ddc359c4"}
,"/home/pn/html-practice/bpwjs/client/src/util/errorToMessage.js": {"path":"/home/pn/html-practice/bpwjs/client/src/util/errorToMessage.js","statementMap":{"0":{"start":{"line":1,"column":35},"end":{"line":7,"column":1}},"1":{"start":{"line":2,"column":2},"end":{"line":4,"column":3}},"2":{"start":{"line":3,"column":4},"end":{"line":3,"column":57}},"3":{"start":{"line":6,"column":2},"end":{"line":6,"column":23}},"4":{"start":{"line":9,"column":38},"end":{"line":19,"column":1}},"5":{"start":{"line":10,"column":2},"end":{"line":12,"column":3}},"6":{"start":{"line":11,"column":4},"end":{"line":11,"column":36}},"7":{"start":{"line":14,"column":2},"end":{"line":16,"column":3}},"8":{"start":{"line":15,"column":4},"end":{"line":15,"column":60}},"9":{"start":{"line":18,"column":2},"end":{"line":18,"column":23}}},"fnMap":{"0":{"name":"(anonymous_0)","decl":{"start":{"line":1,"column":35},"end":{"line":1,"column":36}},"loc":{"start":{"line":1,"column":46},"end":{"line":7,"column":1}},"line":1},"1":{"name":"(anonymous_1)","decl":{"start":{"line":9,"column":38},"end":{"line":9,"column":39}},"loc":{"start":{"line":9,"column":49},"end":{"line":19,"column":1}},"line":9}},"branchMap":{"0":{"loc":{"start":{"line":2,"column":2},"end":{"line":4,"column":3}},"type":"if","locations":[{"start":{"line":2,"column":2},"end":{"line":4,"column":3}},{"start":{"line":2,"column":2},"end":{"line":4,"column":3}}],"line":2},"1":{"loc":{"start":{"line":10,"column":2},"end":{"line":12,"column":3}},"type":"if","locations":[{"start":{"line":10,"column":2},"end":{"line":12,"column":3}},{"start":{"line":10,"column":2},"end":{"line":12,"column":3}}],"line":10},"2":{"loc":{"start":{"line":10,"column":6},"end":{"line":10,"column":52}},"type":"binary-expr","locations":[{"start":{"line":10,"column":6},"end":{"line":10,"column":24}},{"start":{"line":10,"column":28},"end":{"line":10,"column":52}}],"line":10},"3":{"loc":{"start":{"line":14,"column":2},"end":{"line":16,"column":3}},"type":"if","locations":[{"start":{"line":14,"column":2},"end":{"line":16,"column":3}},{"start":{"line":14,"column":2},"end":{"line":16,"column":3}}],"line":14}},"s":{"0":2,"1":2,"2":1,"3":1,"4":2,"5":3,"6":1,"7":2,"8":1,"9":1},"f":{"0":2,"1":3},"b":{"0":[1,1],"1":[1,2],"2":[3,3],"3":[1,1]},"_coverageSchema":"332fd63041d2c1bcb487cc26dd0d5f7d97098a6c","hash":"53bd1ea98cb2d6ebeaa9872013ae20d807b8c2bb"}
,"/home/pn/html-practice/bpwjs/client/src/util/index.js": {"path":"/home/pn/html-practice/bpwjs/client/src/util/index.js","statementMap":{},"fnMap":{},"branchMap":{},"s":{},"f":{},"b":{},"_coverageSchema":"332fd63041d2c1bcb487cc26dd0d5f7d97098a6c","hash":"7451a4342dcce3ec1c117fddad7c82bf9c493bd5"}
,"/home/pn/html-practice/bpwjs/client/src/util/requireAuth.js": {"path":"/home/pn/html-practice/bpwjs/client/src/util/requireAuth.js","statementMap":{"0":{"start":{"line":3,"column":27},"end":{"line":12,"column":1}},"1":{"start":{"line":4,"column":2},"end":{"line":11,"column":3}},"2":{"start":{"line":5,"column":4},"end":{"line":10,"column":7}}},"fnMap":{"0":{"name":"(anonymous_0)","decl":{"start":{"line":3,"column":27},"end":{"line":3,"column":28}},"loc":{"start":{"line":3,"column":51},"end":{"line":12,"column":1}},"line":3}},"branchMap":{"0":{"loc":{"start":{"line":4,"column":2},"end":{"line":11,"column":3}},"type":"if","locations":[{"start":{"line":4,"column":2},"end":{"line":11,"column":3}},{"start":{"line":4,"column":2},"end":{"line":11,"column":3}}],"line":4}},"s":{"0":1,"1":1,"2":1},"f":{"0":1},"b":{"0":[1,0]},"_coverageSchema":"332fd63041d2c1bcb487cc26dd0d5f7d97098a6c","hash":"9e1eae5237b27cbfd587ebcc43b0b5504c885965"}
,"/home/pn/html-practice/bpwjs/client/src/util/signRequest.js": {"path":"/home/pn/html-practice/bpwjs/client/src/util/signRequest.js","statementMap":{"0":{"start":{"line":1,"column":27},"end":{"line":6,"column":2}},"1":{"start":{"line":1,"column":35},"end":{"line":6,"column":1}}},"fnMap":{"0":{"name":"(anonymous_0)","decl":{"start":{"line":1,"column":27},"end":{"line":1,"column":28}},"loc":{"start":{"line":1,"column":35},"end":{"line":6,"column":1}},"line":1}},"branchMap":{},"s":{"0":2,"1":1},"f":{"0":1},"b":{},"_coverageSchema":"332fd63041d2c1bcb487cc26dd0d5f7d97098a6c","hash":"088cdafc8c4f9359d05a1734c0371257eae2b68f"}
,"/home/pn/html-practice/bpwjs/client/test/setup.js": {"path":"/home/pn/html-practice/bpwjs/client/test/setup.js","statementMap":{"0":{"start":{"line":8,"column":25},"end":{"line":21,"column":4}},"1":{"start":{"line":9,"column":14},"end":{"line":9,"column":16}},"2":{"start":{"line":10,"column":2},"end":{"line":20,"column":4}},"3":{"start":{"line":12,"column":6},"end":{"line":12,"column":24}},"4":{"start":{"line":15,"column":6},"end":{"line":15,"column":36}},"5":{"start":{"line":18,"column":6},"end":{"line":18,"column":17}},"6":{"start":{"line":22,"column":0},"end":{"line":22,"column":73}},"7":{"start":{"line":25,"column":0},"end":{"line":25,"column":21}},"8":{"start":{"line":26,"column":0},"end":{"line":26,"column":25}},"9":{"start":{"line":27,"column":0},"end":{"line":27,"column":23}},"10":{"start":{"line":28,"column":0},"end":{"line":28,"column":21}},"11":{"start":{"line":30,"column":0},"end":{"line":34,"column":2}},"12":{"start":{"line":31,"column":2},"end":{"line":33,"column":3}},"13":{"start":{"line":32,"column":4},"end":{"line":32,"column":29}}},"fnMap":{"0":{"name":"(anonymous_0)","decl":{"start":{"line":8,"column":26},"end":{"line":8,"column":27}},"loc":{"start":{"line":8,"column":32},"end":{"line":21,"column":1}},"line":8},"1":{"name":"(anonymous_1)","decl":{"start":{"line":30,"column":16},"end":{"line":30,"column":17}},"loc":{"start":{"line":30,"column":27},"end":{"line":34,"column":1}},"line":30}},"branchMap":{"0":{"loc":{"start":{"line":31,"column":2},"end":{"line":33,"column":3}},"type":"if","locations":[{"start":{"line":31,"column":2},"end":{"line":33,"column":3}},{"start":{"line":31,"column":2},"end":{"line":33,"column":3}}],"line":31}},"s":{"0":10,"1":10,"2":10,"3":3,"4":1,"5":0,"6":10,"7":10,"8":10,"9":10,"10":10,"11":10,"12":0,"13":0},"f":{"0":10,"1":0},"b":{"0":[0,0]},"_coverageSchema":"332fd63041d2c1bcb487cc26dd0d5f7d97098a6c","hash":"a9a4ffbdd91eb54b5296c02bf1e9ee17856fd08c"}
}
