TN:
SF:/home/pn/html-practice/bpwjs/client/src/app/index.js
FN:6,(anonymous_0)
FNF:1
FNH:1
FNDA:1,(anonymous_0)
DA:7,1
LF:1
LH:1
BRF:0
BRH:0
end_of_record
TN:
SF:/home/pn/html-practice/bpwjs/client/src/components/footer/index.js
FN:14,(anonymous_0)
FNF:1
FNH:1
FNDA:1,(anonymous_0)
DA:6,2
DA:15,1
LF:2
LH:2
BRF:0
BRH:0
end_of_record
TN:
SF:/home/pn/html-practice/bpwjs/client/src/components/navbar/index.js
FN:5,(anonymous_0)
FN:11,(anonymous_1)
FNF:2
FNH:2
FNDA:8,(anonymous_0)
FNDA:3,(anonymous_1)
DA:5,8
DA:12,3
LF:2
LH:2
BRDA:5,0,0,2
BRDA:5,0,1,6
BRDA:35,1,0,3
BRDA:35,1,1,2
BRF:4
BRH:4
end_of_record
TN:
SF:/home/pn/html-practice/bpwjs/client/src/components/notifications/index.js
FNF:0
FNH:0
LF:0
LH:0
BRF:0
BRH:0
end_of_record
TN:
SF:/home/pn/html-practice/bpwjs/client/src/components/notifications/notification.js
FN:6,(anonymous_0)
FN:7,(anonymous_1)
FN:10,(anonymous_2)
FN:16,(anonymous_3)
FNF:4
FNH:3
FNDA:1,(anonymous_0)
FNDA:0,(anonymous_1)
FNDA:2,(anonymous_2)
FNDA:1,(anonymous_3)
DA:6,4
DA:7,0
DA:10,4
DA:11,2
DA:16,1
DA:24,4
LF:6
LH:5
BRF:0
BRH:0
end_of_record
TN:
SF:/home/pn/html-practice/bpwjs/client/src/components/notifications/notifications.js
FN:8,(anonymous_0)
FN:12,(anonymous_1)
FN:19,(anonymous_2)
FNF:3
FNH:1
FNDA:1,(anonymous_0)
FNDA:0,(anonymous_1)
FNDA:0,(anonymous_2)
DA:8,3
DA:12,3
DA:13,0
DA:20,0
DA:27,3
LF:5
LH:3
BRF:0
BRH:0
end_of_record
TN:
SF:/home/pn/html-practice/bpwjs/client/src/components/question/index.js
FN:8,(anonymous_0)
FN:11,(anonymous_1)
FN:12,(anonymous_2)
FN:13,(anonymous_3)
FN:17,(anonymous_4)
FN:26,(anonymous_5)
FN:36,(anonymous_6)
FN:42,(anonymous_7)
FN:51,(anonymous_8)
FN:57,(anonymous_9)
FN:69,(anonymous_10)
FN:75,(anonymous_11)
FN:87,(anonymous_12)
FN:93,(anonymous_13)
FN:100,(anonymous_14)
FN:116,(anonymous_15)
FN:130,(anonymous_16)
FN:137,(anonymous_17)
FNF:18
FNH:15
FNDA:1,(anonymous_0)
FNDA:1,(anonymous_1)
FNDA:0,(anonymous_2)
FNDA:0,(anonymous_3)
FNDA:2,(anonymous_4)
FNDA:1,(anonymous_5)
FNDA:1,(anonymous_6)
FNDA:1,(anonymous_7)
FNDA:1,(anonymous_8)
FNDA:4,(anonymous_9)
FNDA:1,(anonymous_10)
FNDA:1,(anonymous_11)
FNDA:2,(anonymous_12)
FNDA:1,(anonymous_13)
FNDA:0,(anonymous_14)
FNDA:4,(anonymous_15)
FNDA:5,(anonymous_16)
FNDA:1,(anonymous_17)
DA:8,1
DA:11,1
DA:12,0
DA:13,0
DA:18,2
DA:20,2
DA:22,2
DA:23,2
DA:27,1
DA:28,1
DA:32,1
DA:33,1
DA:37,1
DA:38,1
DA:39,1
DA:43,1
DA:44,1
DA:45,1
DA:46,1
DA:47,1
DA:48,1
DA:52,1
DA:53,1
DA:54,1
DA:58,4
DA:59,4
DA:61,4
DA:69,1
DA:75,1
DA:87,2
DA:93,1
DA:100,0
DA:117,4
DA:130,5
DA:137,1
LF:35
LH:32
BRDA:64,0,0,4
BRDA:64,0,1,4
BRDA:72,1,0,1
BRDA:72,1,1,3
BRDA:83,2,0,1
BRDA:83,2,1,3
BRDA:114,3,0,4
BRDA:114,3,1,0
BRF:8
BRH:7
end_of_record
TN:
SF:/home/pn/html-practice/bpwjs/client/src/components/user/index.js
FN:7,(anonymous_0)
FN:8,(anonymous_1)
FN:9,(anonymous_2)
FN:12,(anonymous_3)
FN:15,(anonymous_4)
FN:28,(anonymous_5)
FNF:6
FNH:5
FNDA:1,(anonymous_0)
FNDA:1,(anonymous_1)
FNDA:0,(anonymous_2)
FNDA:2,(anonymous_3)
FNDA:1,(anonymous_4)
FNDA:1,(anonymous_5)
DA:7,1
DA:8,1
DA:9,0
DA:12,1
DA:15,2
DA:16,1
DA:22,2
DA:28,1
LF:8
LH:7
BRDA:22,0,0,2
BRDA:22,0,1,0
BRDA:25,1,0,2
BRDA:25,1,1,0
BRDA:34,2,0,2
BRDA:34,2,1,2
BRF:6
BRH:4
end_of_record
TN:
SF:/home/pn/html-practice/bpwjs/client/src/store/actionTypes.js
FNF:0
FNH:0
DA:2,7
DA:3,7
DA:5,7
DA:6,7
DA:7,7
DA:8,7
DA:9,7
DA:10,7
DA:12,7
DA:13,7
DA:15,7
DA:16,7
DA:17,7
DA:18,7
DA:19,7
DA:20,7
DA:21,7
DA:22,7
DA:23,7
DA:24,7
DA:25,7
DA:26,7
DA:27,7
DA:28,7
DA:29,7
DA:31,7
DA:32,7
DA:33,7
DA:34,7
DA:35,7
DA:36,7
LF:31
LH:31
BRF:0
BRH:0
end_of_record
TN:
SF:/home/pn/html-practice/bpwjs/client/src/store/index.js
FNF:0
FNH:0
DA:12,1
DA:15,1
DA:16,1
DA:17,1
DA:23,1
LF:5
LH:5
BRDA:15,0,0,1
BRDA:15,0,1,1
BRF:2
BRH:2
end_of_record
TN:
SF:/home/pn/html-practice/bpwjs/client/src/store/rootEpic.js
FNF:0
FNH:0
LF:0
LH:0
BRF:0
BRH:0
end_of_record
TN:
SF:/home/pn/html-practice/bpwjs/client/src/store/rootReducer.js
FNF:0
FNH:0
LF:0
LH:0
BRF:0
BRH:0
end_of_record
TN:
SF:/home/pn/html-practice/bpwjs/client/src/store/actions/index.js
FN:5,(anonymous_0)
FN:9,(anonymous_1)
FN:14,(anonymous_2)
FN:24,(anonymous_3)
FN:38,(anonymous_4)
FN:43,(anonymous_5)
FN:47,(anonymous_6)
FN:52,(anonymous_7)
FN:57,(anonymous_8)
FN:62,(anonymous_9)
FN:68,(anonymous_10)
FN:73,(anonymous_11)
FNF:12
FNH:0
FNDA:0,(anonymous_0)
FNDA:0,(anonymous_1)
FNDA:0,(anonymous_2)
FNDA:0,(anonymous_3)
FNDA:0,(anonymous_4)
FNDA:0,(anonymous_5)
FNDA:0,(anonymous_6)
FNDA:0,(anonymous_7)
FNDA:0,(anonymous_8)
FNDA:0,(anonymous_9)
FNDA:0,(anonymous_10)
FNDA:0,(anonymous_11)
DA:3,7
DA:5,7
DA:9,7
DA:14,7
DA:24,7
DA:38,7
DA:43,7
DA:47,7
DA:52,7
DA:57,7
DA:62,7
DA:68,7
DA:73,7
LF:13
LH:13
BRF:0
BRH:0
end_of_record
TN:
SF:/home/pn/html-practice/bpwjs/client/src/store/epics/auth.js
FN:23,(anonymous_0)
FN:25,(anonymous_1)
FN:27,(anonymous_2)
FN:28,(anonymous_3)
FN:36,(anonymous_4)
FN:48,(anonymous_5)
FN:50,(anonymous_6)
FN:52,(anonymous_7)
FN:53,(anonymous_8)
FN:62,(anonymous_9)
FNF:10
FNH:2
FNDA:1,(anonymous_0)
FNDA:0,(anonymous_1)
FNDA:0,(anonymous_2)
FNDA:0,(anonymous_3)
FNDA:0,(anonymous_4)
FNDA:1,(anonymous_5)
FNDA:0,(anonymous_6)
FNDA:0,(anonymous_7)
FNDA:0,(anonymous_8)
FNDA:0,(anonymous_9)
DA:23,1
DA:25,0
DA:27,0
DA:28,0
DA:36,0
DA:48,1
DA:50,0
DA:52,0
DA:53,0
DA:62,0
LF:10
LH:2
BRF:0
BRH:0
end_of_record
TN:
SF:/home/pn/html-practice/bpwjs/client/src/store/epics/helloworld.js
FN:4,(anonymous_0)
FN:6,(anonymous_1)
FN:8,(anonymous_2)
FNF:3
FNH:1
FNDA:1,(anonymous_0)
FNDA:0,(anonymous_1)
FNDA:0,(anonymous_2)
DA:4,1
DA:6,0
DA:8,0
LF:3
LH:1
BRF:0
BRH:0
end_of_record
TN:
SF:/home/pn/html-practice/bpwjs/client/src/store/epics/index.js
FNF:0
FNH:0
LF:0
LH:0
BRF:0
BRH:0
end_of_record
TN:
SF:/home/pn/html-practice/bpwjs/client/src/store/epics/notifications.js
FN:5,(anonymous_0)
FN:7,(anonymous_1)
FN:12,(anonymous_2)
FNF:3
FNH:1
FNDA:1,(anonymous_0)
FNDA:0,(anonymous_1)
FNDA:0,(anonymous_2)
DA:5,1
DA:8,0
DA:12,0
LF:3
LH:1
BRF:0
BRH:0
end_of_record
TN:
SF:/home/pn/html-practice/bpwjs/client/src/store/epics/questions.js
FN:5,(anonymous_0)
FN:8,(anonymous_1)
FN:10,(anonymous_2)
FN:11,(anonymous_3)
FN:15,(anonymous_4)
FN:21,(anonymous_5)
FN:24,(anonymous_6)
FN:30,(anonymous_7)
FN:31,(anonymous_8)
FN:35,(anonymous_9)
FN:41,(anonymous_10)
FN:44,(anonymous_11)
FN:46,(anonymous_12)
FN:47,(anonymous_13)
FN:51,(anonymous_14)
FN:57,(anonymous_15)
FN:60,(anonymous_16)
FN:62,(anonymous_17)
FN:63,(anonymous_18)
FN:67,(anonymous_19)
FN:73,(anonymous_20)
FN:76,(anonymous_21)
FN:82,(anonymous_22)
FN:83,(anonymous_23)
FN:87,(anonymous_24)
FNF:25
FNH:5
FNDA:1,(anonymous_0)
FNDA:0,(anonymous_1)
FNDA:0,(anonymous_2)
FNDA:0,(anonymous_3)
FNDA:0,(anonymous_4)
FNDA:1,(anonymous_5)
FNDA:0,(anonymous_6)
FNDA:0,(anonymous_7)
FNDA:0,(anonymous_8)
FNDA:0,(anonymous_9)
FNDA:1,(anonymous_10)
FNDA:0,(anonymous_11)
FNDA:0,(anonymous_12)
FNDA:0,(anonymous_13)
FNDA:0,(anonymous_14)
FNDA:1,(anonymous_15)
FNDA:0,(anonymous_16)
FNDA:0,(anonymous_17)
FNDA:0,(anonymous_18)
FNDA:0,(anonymous_19)
FNDA:1,(anonymous_20)
FNDA:0,(anonymous_21)
FNDA:0,(anonymous_22)
FNDA:0,(anonymous_23)
FNDA:0,(anonymous_24)
DA:5,1
DA:8,0
DA:10,0
DA:11,0
DA:15,0
DA:21,1
DA:24,0
DA:30,0
DA:31,0
DA:35,0
DA:41,1
DA:44,0
DA:46,0
DA:47,0
DA:51,0
DA:57,1
DA:60,0
DA:62,0
DA:63,0
DA:67,0
DA:73,1
DA:76,0
DA:82,0
DA:83,0
DA:87,0
LF:25
LH:5
BRF:0
BRH:0
end_of_record
TN:
SF:/home/pn/html-practice/bpwjs/client/src/store/epics/users.js
FN:5,(anonymous_0)
FN:8,(anonymous_1)
FN:10,(anonymous_2)
FN:11,(anonymous_3)
FN:15,(anonymous_4)
FN:21,(anonymous_5)
FN:24,(anonymous_6)
FN:28,(anonymous_7)
FN:29,(anonymous_8)
FN:33,(anonymous_9)
FNF:10
FNH:2
FNDA:1,(anonymous_0)
FNDA:0,(anonymous_1)
FNDA:0,(anonymous_2)
FNDA:0,(anonymous_3)
FNDA:0,(anonymous_4)
FNDA:1,(anonymous_5)
FNDA:0,(anonymous_6)
FNDA:0,(anonymous_7)
FNDA:0,(anonymous_8)
FNDA:0,(anonymous_9)
DA:5,1
DA:8,0
DA:10,0
DA:11,0
DA:15,0
DA:21,1
DA:24,0
DA:28,0
DA:29,0
DA:33,0
LF:10
LH:2
BRF:0
BRH:0
end_of_record
TN:
SF:/home/pn/html-practice/bpwjs/client/src/store/reducers/auth.js
FN:18,(anonymous_0)
FNF:1
FNH:1
FNDA:3,(anonymous_0)
DA:4,1
DA:7,1
DA:8,1
DA:13,1
DA:18,1
DA:19,3
DA:21,0
DA:25,0
DA:26,0
DA:27,0
DA:33,0
DA:35,3
LF:12
LH:7
BRDA:18,0,0,3
BRDA:19,1,0,0
BRDA:19,1,1,0
BRDA:19,1,2,0
BRDA:19,1,3,0
BRDA:19,1,4,3
BRF:6
BRH:2
end_of_record
TN:
SF:/home/pn/html-practice/bpwjs/client/src/store/reducers/helloworld.js
FN:5,(anonymous_0)
FNF:1
FNH:1
FNDA:3,(anonymous_0)
DA:3,1
DA:5,1
DA:6,3
DA:8,0
DA:12,0
DA:16,3
LF:6
LH:4
BRDA:5,0,0,3
BRDA:6,1,0,0
BRDA:6,1,1,0
BRDA:6,1,2,3
BRF:4
BRH:2
end_of_record
TN:
SF:/home/pn/html-practice/bpwjs/client/src/store/reducers/index.js
FNF:0
FNH:0
LF:0
LH:0
BRF:0
BRH:0
end_of_record
TN:
SF:/home/pn/html-practice/bpwjs/client/src/store/reducers/notifications.js
FN:4,(anonymous_0)
FN:13,(anonymous_1)
FNF:2
FNH:1
FNDA:3,(anonymous_0)
FNDA:0,(anonymous_1)
DA:3,1
DA:4,1
DA:5,3
DA:7,0
DA:12,0
DA:13,0
DA:16,3
LF:7
LH:4
BRDA:4,0,0,3
BRDA:5,1,0,0
BRDA:5,1,1,0
BRDA:5,1,2,3
BRF:4
BRH:2
end_of_record
TN:
SF:/home/pn/html-practice/bpwjs/client/src/store/reducers/questions.js
FN:5,(anonymous_0)
FN:21,(anonymous_1)
FN:31,(anonymous_2)
FN:36,(anonymous_3)
FNF:4
FNH:1
FNDA:3,(anonymous_0)
FNDA:0,(anonymous_1)
FNDA:0,(anonymous_2)
FNDA:0,(anonymous_3)
DA:3,1
DA:5,1
DA:6,3
DA:9,0
DA:14,0
DA:20,0
DA:21,0
DA:23,0
DA:26,0
DA:27,0
DA:30,0
DA:31,0
DA:33,0
DA:36,0
DA:37,0
DA:38,0
DA:43,0
DA:45,0
DA:52,0
DA:58,3
LF:20
LH:4
BRDA:5,0,0,3
BRDA:6,1,0,0
BRDA:6,1,1,0
BRDA:6,1,2,0
BRDA:6,1,3,0
BRDA:6,1,4,0
BRDA:6,1,5,0
BRDA:6,1,6,0
BRDA:6,1,7,0
BRDA:6,1,8,0
BRDA:6,1,9,0
BRDA:6,1,10,0
BRDA:6,1,11,3
BRDA:21,2,0,0
BRDA:21,2,1,0
BRDA:37,3,0,0
BRDA:37,3,1,0
BRF:17
BRH:2
end_of_record
TN:
SF:/home/pn/html-practice/bpwjs/client/src/store/reducers/users.js
FN:5,(anonymous_0)
FNF:1
FNH:1
FNDA:3,(anonymous_0)
DA:3,1
DA:5,1
DA:6,3
DA:10,0
DA:16,0
DA:22,0
DA:28,3
LF:7
LH:4
BRDA:5,0,0,3
BRDA:6,1,0,0
BRDA:6,1,1,0
BRDA:6,1,2,0
BRDA:6,1,3,0
BRDA:6,1,4,0
BRDA:6,1,5,0
BRDA:6,1,6,3
BRF:8
BRH:2
end_of_record
TN:
SF:/home/pn/html-practice/bpwjs/client/src/util/errorToMessage.js
FN:1,(anonymous_0)
FN:9,(anonymous_1)
FNF:2
FNH:2
FNDA:2,(anonymous_0)
FNDA:3,(anonymous_1)
DA:1,2
DA:2,2
DA:3,1
DA:6,1
DA:9,2
DA:10,3
DA:11,1
DA:14,2
DA:15,1
DA:18,1
LF:10
LH:10
BRDA:2,0,0,1
BRDA:2,0,1,1
BRDA:10,1,0,1
BRDA:10,1,1,2
BRDA:10,2,0,3
BRDA:10,2,1,3
BRDA:14,3,0,1
BRDA:14,3,1,1
BRF:8
BRH:8
end_of_record
TN:
SF:/home/pn/html-practice/bpwjs/client/src/util/index.js
FNF:0
FNH:0
LF:0
LH:0
BRF:0
BRH:0
end_of_record
TN:
SF:/home/pn/html-practice/bpwjs/client/src/util/requireAuth.js
FN:3,(anonymous_0)
FNF:1
FNH:1
FNDA:1,(anonymous_0)
DA:3,1
DA:4,1
DA:5,1
LF:3
LH:3
BRDA:4,0,0,1
BRDA:4,0,1,0
BRF:2
BRH:1
end_of_record
TN:
SF:/home/pn/html-practice/bpwjs/client/src/util/signRequest.js
FN:1,(anonymous_0)
FNF:1
FNH:1
FNDA:1,(anonymous_0)
DA:1,2
LF:1
LH:1
BRF:0
BRH:0
end_of_record
TN:
SF:/home/pn/html-practice/bpwjs/client/test/setup.js
FN:8,(anonymous_0)
FN:30,(anonymous_1)
FNF:2
FNH:1
FNDA:10,(anonymous_0)
FNDA:0,(anonymous_1)
DA:8,10
DA:9,10
DA:10,10
DA:12,3
DA:15,1
DA:18,0
DA:22,10
DA:25,10
DA:26,10
DA:27,10
DA:28,10
DA:30,10
DA:31,0
DA:32,0
LF:14
LH:11
BRDA:31,0,0,0
BRDA:31,0,1,0
BRF:2
BRH:0
end_of_record
